2022-09-06 19:29:13,234 INFO: logging in using static token
2022-09-06 19:29:13,591 INFO: Shard ID None has sent the IDENTIFY payload.
2022-09-06 19:29:13,764 INFO: Shard ID None has connected to Gateway: ["gateway-prd-main-nxwc",{"micros":88874,"calls":["id_created",{"micros":785,"calls":[]},"session_lookup_time",{"micros":512,"calls":[]},"session_lookup_finished",{"micros":21,"calls":[]},"discord-sessions-green-prd-2-132",{"micros":86907,"calls":["start_session",{"micros":62349,"calls":["discord-api-6c4d6df6b5-fgv5b",{"micros":44691,"calls":["get_user",{"micros":14635},"get_guilds",{"micros":4750},"send_scheduled_deletion_message",{"micros":10},"guild_join_requests",{"micros":1},"authorized_ip_coro",{"micros":10}]}]},"starting_guild_connect",{"micros":32,"calls":[]},"presence_started",{"micros":9581,"calls":[]},"guilds_started",{"micros":14929,"calls":[]},"guilds_connect",{"micros":2,"calls":[]},"presence_connect",{"micros":1,"calls":[]},"connect_finished",{"micros":7,"calls":[]},"build_ready",{"micros":5,"calls":[]},"optimize_ready",{"micros":1,"calls":[]},"split_ready",{"micros":1,"calls":[]},"clean_ready",{"micros":0,"calls":[]}]}]}] (Session ID: 10671aa9c1a6c87e3f1772d99d853d78).
2022-09-06 19:29:15,828 INFO: 目前登入身份：神奇海螺#3847
2022-09-06 22:42:39,640 INFO: Got a request to RESUME the websocket.
2022-09-06 22:42:39,976 INFO: Shard ID None has sent the RESUME payload.
2022-09-06 22:42:40,066 INFO: Shard ID None has successfully RESUMED session 10671aa9c1a6c87e3f1772d99d853d78 under trace ["gateway-prd-main-83rn",{"micros":6171,"calls":["id_created",{"micros":0,"calls":[]},"session_lookup_time",{"micros":5932,"calls":[]},"session_lookup_finished",{"micros":15,"calls":[]},"discord-sessions-green-prd-2-132",{"micros":17}]}].
2022-09-07 00:38:14,742 INFO: logging in using static token
2022-09-07 00:38:14,964 INFO: Shard ID None has sent the IDENTIFY payload.
2022-09-07 00:38:15,107 INFO: Shard ID None has connected to Gateway: ["gateway-prd-main-l06b",{"micros":118916,"calls":["id_created",{"micros":689,"calls":[]},"session_lookup_time",{"micros":300,"calls":[]},"session_lookup_finished",{"micros":17,"calls":[]},"discord-sessions-green-prd-2-198",{"micros":117459,"calls":["start_session",{"micros":74640,"calls":["discord-api-676cb9d94c-pzg4d",{"micros":70444,"calls":["get_user",{"micros":25676},"get_guilds",{"micros":13477},"send_scheduled_deletion_message",{"micros":17},"guild_join_requests",{"micros":158},"authorized_ip_coro",{"micros":9}]}]},"starting_guild_connect",{"micros":28,"calls":[]},"presence_started",{"micros":319,"calls":[]},"guilds_started",{"micros":22180,"calls":[]},"guilds_connect",{"micros":1,"calls":[]},"presence_connect",{"micros":20277,"calls":[]},"connect_finished",{"micros":20283,"calls":[]},"build_ready",{"micros":5,"calls":[]},"optimize_ready",{"micros":1,"calls":[]},"split_ready",{"micros":1,"calls":[]},"clean_ready",{"micros":0,"calls":[]}]}]}] (Session ID: 26df07921811a6a253511ad91cd67f23).
2022-09-07 00:38:17,154 INFO: 目前登入身份：神奇海螺#3847
2022-09-07 02:32:03,200 INFO: Got a request to RESUME the websocket.
2022-09-07 02:32:03,268 ERROR: Attempting a reconnect in 1.15s
Traceback (most recent call last):
  File "/opt/virtualenvs/python3/lib/python3.8/site-packages/discord/http.py", line 967, in get_gateway
    data = await self.request(Route('GET', '/gateway'))
  File "/opt/virtualenvs/python3/lib/python3.8/site-packages/discord/http.py", line 216, in request
    raise HTTPException(r, data)
discord.errors.HTTPException: 429 Too Many Requests (error code: 0): <!DOCTYPE html>
<!--[if lt IE 7]> <html class="no-js ie6 oldie" lang="en-US"> <![endif]-->
<!--[if IE 7]>    <html class="no-js ie7 oldie" lang="en-US"> <![endif]-->
<!--[if IE 8]>    <html class="no-js ie8 oldie" lang="en-US"> <![endif]-->
<!--[if gt IE 8]><!--> <html class="no-js" lang="en-US"> <!--<![endif]-->
<head>
<title>Access denied | discord.com used Cloudflare to restrict access</title>
<meta charset="UTF-8" />
<meta http-equiv="Content-Type" content="text/html; charset=UTF-8" />
<meta http-equiv="X-UA-Compatible" content="IE=Edge" />
<meta name="robots" content="noindex, nofollow" />
<meta name="viewport" content="width=device-width,initial-scale=1" />
<link rel="stylesheet" id="cf_styles-css" href="/cdn-cgi/styles/main.css" />


<script>
(function(){if(document.addEventListener&&window.XMLHttpRequest&&JSON&&JSON.stringify){var e=function(a){var c=document.getElementById("error-feedback-survey"),d=document.getElementById("error-feedback-success"),b=new XMLHttpRequest;a={event:"feedback clicked",properties:{errorCode:1015,helpful:a,version:1}};b.open("POST","https://sparrow.cloudflare.com/api/v1/event");b.setRequestHeader("Content-Type","application/json");b.setRequestHeader("Sparrow-Source-Key","c771f0e4b54944bebf4261d44bd79a1e");
b.send(JSON.stringify(a));c.classList.add("feedback-hidden");d.classList.remove("feedback-hidden")};document.addEventListener("DOMContentLoaded",function(){var a=document.getElementById("error-feedback"),c=document.getElementById("feedback-button-yes"),d=document.getElementById("feedback-button-no");"classList"in a&&(a.classList.remove("feedback-hidden"),c.addEventListener("click",function(){e(!0)}),d.addEventListener("click",function(){e(!1)}))})}})();
</script>

<script defer src="https://performance.radar.cloudflare.com/beacon.js"></script>
</head>
<body>
  <div id="cf-wrapper">
    <div class="cf-alert cf-alert-error cf-cookie-error hidden" id="cookie-alert" data-translate="enable_cookies">Please enable cookies.</div>
    <div id="cf-error-details" class="p-0">
      <header class="mx-auto pt-10 lg:pt-6 lg:px-8 w-240 lg:w-full mb-15 antialiased">
         <h1 class="inline-block md:block mr-2 md:mb-2 font-light text-60 md:text-3xl text-black-dark leading-tight">
           <span data-translate="error">Error</span>
           <span>1015</span>
         </h1>
         <span class="inline-block md:block heading-ray-id font-mono text-15 lg:text-sm lg:leading-relaxed">Ray ID: 746c081c5ae9adbe &bull;</span>
         <span class="inline-block md:block heading-ray-id font-mono text-15 lg:text-sm lg:leading-relaxed">2022-09-07 02:32:03 UTC</span>
        <h2 class="text-gray-600 leading-1.3 text-3xl lg:text-2xl font-light">You are being rate limited</h2>
      </header>

      <section class="w-240 lg:w-full mx-auto mb-8 lg:px-8">
          <div id="what-happened-section" class="w-1/2 md:w-full">
            <h2 class="text-3xl leading-tight font-normal mb-4 text-black-dark antialiased" data-translate="what_happened">What happened?</h2>
            <p>The owner of this website (discord.com) has banned you temporarily from accessing this website.</p>
            
          </div>

          
      </section>

      <div class="feedback-hidden py-8 text-center" id="error-feedback">
    <div id="error-feedback-survey" class="footer-line-wrapper">
        Was this page helpful?
        <button class="border border-solid bg-white cf-button cursor-pointer ml-4 px-4 py-2 rounded" id="feedback-button-yes" type="button">Yes</button>
        <button class="border border-solid bg-white cf-button cursor-pointer ml-4 px-4 py-2 rounded" id="feedback-button-no" type="button">No</button>
    </div>
    <div class="feedback-success feedback-hidden" id="error-feedback-success">
        Thank you for your feedback!
    </div>
</div>


      <div class="cf-error-footer cf-wrapper w-240 lg:w-full py-10 sm:py-4 sm:px-8 mx-auto text-center sm:text-left border-solid border-0 border-t border-gray-300">
  <p class="text-13">
    <span class="cf-footer-item sm:block sm:mb-1">Cloudflare Ray ID: <strong class="font-semibold">746c081c5ae9adbe</strong></span>
    <span class="cf-footer-separator sm:hidden">&bull;</span>
    <span id="cf-footer-item-ip" class="cf-footer-item hidden sm:block sm:mb-1">
      Your IP:
      <button type="button" id="cf-footer-ip-reveal" class="cf-footer-ip-reveal-btn">Click to reveal</button>
      <span class="hidden" id="cf-footer-ip">34.148.31.221</span>
      <span class="cf-footer-separator sm:hidden">&bull;</span>
    </span>
    <span class="cf-footer-item sm:block sm:mb-1"><span>Performance &amp; security by</span> <a rel="noopener noreferrer" href="https://www.cloudflare.com/5xx-error-landing" id="brand_link" target="_blank">Cloudflare</a></span>
    
  </p>
  <script>(function(){function d(){var b=a.getElementById("cf-footer-item-ip"),c=a.getElementById("cf-footer-ip-reveal");b&&"classList"in b&&(b.classList.remove("hidden"),c.addEventListener("click",function(){c.classList.add("hidden");a.getElementById("cf-footer-ip").classList.remove("hidden")}))}var a=document;document.addEventListener&&a.addEventListener("DOMContentLoaded",d)})();</script>
</div><!-- /.error-footer -->


    </div><!-- /#cf-error-details -->
  </div><!-- /#cf-wrapper -->

  <script>
  window._cf_translation = {};
  
  
</script>

<script>(function(){var js = "window['__CF$cv$params']={r:'746c081c5ae9adbe',m:'DlX4JV.LHK0Tl9UobNSuD6PmNlzkI93RVzGyu_ZYzis-1662517923-0-Ad0jC1aTKyvdPnMeBC13d9gCTNxsoaS74sRIj26SWEuFwX4QArvBrpeB2kPYHEQX7oX868utnx/k9aQZQ7bYH96X/RArJuK1l9hV5N3Vh+PcP1ZyLXejPSzX4rwcTOy7pQ==',s:[0x59558e2031,0xe981523108],u:'/cdn-cgi/challenge-platform/h/b'};var now=Date.now()/1000,offset=14400,ts=''+(Math.floor(now)-Math.floor(now%offset)),_cpo=document.createElement('script');_cpo.nonce='',_cpo.src='/cdn-cgi/challenge-platform/h/b/scripts/alpha/invisible.js?ts='+ts,document.getElementsByTagName('head')[0].appendChild(_cpo);";var _0xh = document.createElement('iframe');_0xh.height = 1;_0xh.width = 1;_0xh.style.position = 'absolute';_0xh.style.top = 0;_0xh.style.left = 0;_0xh.style.border = 'none';_0xh.style.visibility = 'hidden';document.body.appendChild(_0xh);function handler() {var _0xi = _0xh.contentDocument || _0xh.contentWindow.document;if (_0xi) {var _0xj = _0xi.createElement('script');_0xj.nonce = '';_0xj.innerHTML = js;_0xi.getElementsByTagName('head')[0].appendChild(_0xj);}}if (document.readyState !== 'loading') {handler();} else if (window.addEventListener) {document.addEventListener('DOMContentLoaded', handler);} else {var prev = document.onreadystatechange || function () {};document.onreadystatechange = function (e) {prev(e);if (document.readyState !== 'loading') {document.onreadystatechange = prev;handler();}};}})();</script></body>
</html>


The above exception was the direct cause of the following exception:

Traceback (most recent call last):
  File "/opt/virtualenvs/python3/lib/python3.8/site-packages/discord/client.py", line 563, in connect
    self.ws = await asyncio.wait_for(coro, timeout=60.0)
  File "/usr/lib/python3.8/asyncio/tasks.py", line 494, in wait_for
    return fut.result()
  File "/opt/virtualenvs/python3/lib/python3.8/site-packages/discord/gateway.py", line 305, in from_client
    gateway = gateway or await client.http.get_gateway()
  File "/opt/virtualenvs/python3/lib/python3.8/site-packages/discord/http.py", line 969, in get_gateway
    raise GatewayNotFound() from exc
discord.errors.GatewayNotFound: The gateway to connect to discord was not found.
2022-09-07 02:32:04,475 ERROR: Attempting a reconnect in 1.20s
Traceback (most recent call last):
  File "/opt/virtualenvs/python3/lib/python3.8/site-packages/discord/http.py", line 967, in get_gateway
    data = await self.request(Route('GET', '/gateway'))
  File "/opt/virtualenvs/python3/lib/python3.8/site-packages/discord/http.py", line 216, in request
    raise HTTPException(r, data)
discord.errors.HTTPException: 429 Too Many Requests (error code: 0): <!DOCTYPE html>
<!--[if lt IE 7]> <html class="no-js ie6 oldie" lang="en-US"> <![endif]-->
<!--[if IE 7]>    <html class="no-js ie7 oldie" lang="en-US"> <![endif]-->
<!--[if IE 8]>    <html class="no-js ie8 oldie" lang="en-US"> <![endif]-->
<!--[if gt IE 8]><!--> <html class="no-js" lang="en-US"> <!--<![endif]-->
<head>
<title>Access denied | discord.com used Cloudflare to restrict access</title>
<meta charset="UTF-8" />
<meta http-equiv="Content-Type" content="text/html; charset=UTF-8" />
<meta http-equiv="X-UA-Compatible" content="IE=Edge" />
<meta name="robots" content="noindex, nofollow" />
<meta name="viewport" content="width=device-width,initial-scale=1" />
<link rel="stylesheet" id="cf_styles-css" href="/cdn-cgi/styles/main.css" />


<script>
(function(){if(document.addEventListener&&window.XMLHttpRequest&&JSON&&JSON.stringify){var e=function(a){var c=document.getElementById("error-feedback-survey"),d=document.getElementById("error-feedback-success"),b=new XMLHttpRequest;a={event:"feedback clicked",properties:{errorCode:1015,helpful:a,version:1}};b.open("POST","https://sparrow.cloudflare.com/api/v1/event");b.setRequestHeader("Content-Type","application/json");b.setRequestHeader("Sparrow-Source-Key","c771f0e4b54944bebf4261d44bd79a1e");
b.send(JSON.stringify(a));c.classList.add("feedback-hidden");d.classList.remove("feedback-hidden")};document.addEventListener("DOMContentLoaded",function(){var a=document.getElementById("error-feedback"),c=document.getElementById("feedback-button-yes"),d=document.getElementById("feedback-button-no");"classList"in a&&(a.classList.remove("feedback-hidden"),c.addEventListener("click",function(){e(!0)}),d.addEventListener("click",function(){e(!1)}))})}})();
</script>

<script defer src="https://performance.radar.cloudflare.com/beacon.js"></script>
</head>
<body>
  <div id="cf-wrapper">
    <div class="cf-alert cf-alert-error cf-cookie-error hidden" id="cookie-alert" data-translate="enable_cookies">Please enable cookies.</div>
    <div id="cf-error-details" class="p-0">
      <header class="mx-auto pt-10 lg:pt-6 lg:px-8 w-240 lg:w-full mb-15 antialiased">
         <h1 class="inline-block md:block mr-2 md:mb-2 font-light text-60 md:text-3xl text-black-dark leading-tight">
           <span data-translate="error">Error</span>
           <span>1015</span>
         </h1>
         <span class="inline-block md:block heading-ray-id font-mono text-15 lg:text-sm lg:leading-relaxed">Ray ID: 746c0823dfeeada1 &bull;</span>
         <span class="inline-block md:block heading-ray-id font-mono text-15 lg:text-sm lg:leading-relaxed">2022-09-07 02:32:04 UTC</span>
        <h2 class="text-gray-600 leading-1.3 text-3xl lg:text-2xl font-light">You are being rate limited</h2>
      </header>

      <section class="w-240 lg:w-full mx-auto mb-8 lg:px-8">
          <div id="what-happened-section" class="w-1/2 md:w-full">
            <h2 class="text-3xl leading-tight font-normal mb-4 text-black-dark antialiased" data-translate="what_happened">What happened?</h2>
            <p>The owner of this website (discord.com) has banned you temporarily from accessing this website.</p>
            
          </div>

          
      </section>

      <div class="feedback-hidden py-8 text-center" id="error-feedback">
    <div id="error-feedback-survey" class="footer-line-wrapper">
        Was this page helpful?
        <button class="border border-solid bg-white cf-button cursor-pointer ml-4 px-4 py-2 rounded" id="feedback-button-yes" type="button">Yes</button>
        <button class="border border-solid bg-white cf-button cursor-pointer ml-4 px-4 py-2 rounded" id="feedback-button-no" type="button">No</button>
    </div>
    <div class="feedback-success feedback-hidden" id="error-feedback-success">
        Thank you for your feedback!
    </div>
</div>


      <div class="cf-error-footer cf-wrapper w-240 lg:w-full py-10 sm:py-4 sm:px-8 mx-auto text-center sm:text-left border-solid border-0 border-t border-gray-300">
  <p class="text-13">
    <span class="cf-footer-item sm:block sm:mb-1">Cloudflare Ray ID: <strong class="font-semibold">746c0823dfeeada1</strong></span>
    <span class="cf-footer-separator sm:hidden">&bull;</span>
    <span id="cf-footer-item-ip" class="cf-footer-item hidden sm:block sm:mb-1">
      Your IP:
      <button type="button" id="cf-footer-ip-reveal" class="cf-footer-ip-reveal-btn">Click to reveal</button>
      <span class="hidden" id="cf-footer-ip">34.148.31.221</span>
      <span class="cf-footer-separator sm:hidden">&bull;</span>
    </span>
    <span class="cf-footer-item sm:block sm:mb-1"><span>Performance &amp; security by</span> <a rel="noopener noreferrer" href="https://www.cloudflare.com/5xx-error-landing" id="brand_link" target="_blank">Cloudflare</a></span>
    
  </p>
  <script>(function(){function d(){var b=a.getElementById("cf-footer-item-ip"),c=a.getElementById("cf-footer-ip-reveal");b&&"classList"in b&&(b.classList.remove("hidden"),c.addEventListener("click",function(){c.classList.add("hidden");a.getElementById("cf-footer-ip").classList.remove("hidden")}))}var a=document;document.addEventListener&&a.addEventListener("DOMContentLoaded",d)})();</script>
</div><!-- /.error-footer -->


    </div><!-- /#cf-error-details -->
  </div><!-- /#cf-wrapper -->

  <script>
  window._cf_translation = {};
  
  
</script>

<script>(function(){var js = "window['__CF$cv$params']={r:'746c0823dfeeada1',m:'6At.ctpSAH4L6NsGByOnGbZtm1p4YkzWMYPtUXKBD6c-1662517924-0-AZqCCxtZUciQnXRbAJfvUPkD3waZnc+X7UbM6dp50Iw6efa5YKUXGv98Nm9PCHgLDfhWvhsbZGckRAyUzRDBD83xGVz66mJS3BwaWlMB8cit7eyyX7uUEsuIsldcV80lDQ==',s:[0xefdda9bf4c,0x3bbfba1af4],u:'/cdn-cgi/challenge-platform/h/b'};var now=Date.now()/1000,offset=14400,ts=''+(Math.floor(now)-Math.floor(now%offset)),_cpo=document.createElement('script');_cpo.nonce='',_cpo.src='/cdn-cgi/challenge-platform/h/b/scripts/alpha/invisible.js?ts='+ts,document.getElementsByTagName('head')[0].appendChild(_cpo);";var _0xh = document.createElement('iframe');_0xh.height = 1;_0xh.width = 1;_0xh.style.position = 'absolute';_0xh.style.top = 0;_0xh.style.left = 0;_0xh.style.border = 'none';_0xh.style.visibility = 'hidden';document.body.appendChild(_0xh);function handler() {var _0xi = _0xh.contentDocument || _0xh.contentWindow.document;if (_0xi) {var _0xj = _0xi.createElement('script');_0xj.nonce = '';_0xj.innerHTML = js;_0xi.getElementsByTagName('head')[0].appendChild(_0xj);}}if (document.readyState !== 'loading') {handler();} else if (window.addEventListener) {document.addEventListener('DOMContentLoaded', handler);} else {var prev = document.onreadystatechange || function () {};document.onreadystatechange = function (e) {prev(e);if (document.readyState !== 'loading') {document.onreadystatechange = prev;handler();}};}})();</script></body>
</html>


The above exception was the direct cause of the following exception:

Traceback (most recent call last):
  File "/opt/virtualenvs/python3/lib/python3.8/site-packages/discord/client.py", line 563, in connect
    self.ws = await asyncio.wait_for(coro, timeout=60.0)
  File "/usr/lib/python3.8/asyncio/tasks.py", line 494, in wait_for
    return fut.result()
  File "/opt/virtualenvs/python3/lib/python3.8/site-packages/discord/gateway.py", line 305, in from_client
    gateway = gateway or await client.http.get_gateway()
  File "/opt/virtualenvs/python3/lib/python3.8/site-packages/discord/http.py", line 969, in get_gateway
    raise GatewayNotFound() from exc
discord.errors.GatewayNotFound: The gateway to connect to discord was not found.
2022-09-07 02:32:05,731 ERROR: Attempting a reconnect in 0.73s
Traceback (most recent call last):
  File "/opt/virtualenvs/python3/lib/python3.8/site-packages/discord/http.py", line 967, in get_gateway
    data = await self.request(Route('GET', '/gateway'))
  File "/opt/virtualenvs/python3/lib/python3.8/site-packages/discord/http.py", line 216, in request
    raise HTTPException(r, data)
discord.errors.HTTPException: 429 Too Many Requests (error code: 0): <!DOCTYPE html>
<!--[if lt IE 7]> <html class="no-js ie6 oldie" lang="en-US"> <![endif]-->
<!--[if IE 7]>    <html class="no-js ie7 oldie" lang="en-US"> <![endif]-->
<!--[if IE 8]>    <html class="no-js ie8 oldie" lang="en-US"> <![endif]-->
<!--[if gt IE 8]><!--> <html class="no-js" lang="en-US"> <!--<![endif]-->
<head>
<title>Access denied | discord.com used Cloudflare to restrict access</title>
<meta charset="UTF-8" />
<meta http-equiv="Content-Type" content="text/html; charset=UTF-8" />
<meta http-equiv="X-UA-Compatible" content="IE=Edge" />
<meta name="robots" content="noindex, nofollow" />
<meta name="viewport" content="width=device-width,initial-scale=1" />
<link rel="stylesheet" id="cf_styles-css" href="/cdn-cgi/styles/main.css" />


<script>
(function(){if(document.addEventListener&&window.XMLHttpRequest&&JSON&&JSON.stringify){var e=function(a){var c=document.getElementById("error-feedback-survey"),d=document.getElementById("error-feedback-success"),b=new XMLHttpRequest;a={event:"feedback clicked",properties:{errorCode:1015,helpful:a,version:1}};b.open("POST","https://sparrow.cloudflare.com/api/v1/event");b.setRequestHeader("Content-Type","application/json");b.setRequestHeader("Sparrow-Source-Key","c771f0e4b54944bebf4261d44bd79a1e");
b.send(JSON.stringify(a));c.classList.add("feedback-hidden");d.classList.remove("feedback-hidden")};document.addEventListener("DOMContentLoaded",function(){var a=document.getElementById("error-feedback"),c=document.getElementById("feedback-button-yes"),d=document.getElementById("feedback-button-no");"classList"in a&&(a.classList.remove("feedback-hidden"),c.addEventListener("click",function(){e(!0)}),d.addEventListener("click",function(){e(!1)}))})}})();
</script>

<script defer src="https://performance.radar.cloudflare.com/beacon.js"></script>
</head>
<body>
  <div id="cf-wrapper">
    <div class="cf-alert cf-alert-error cf-cookie-error hidden" id="cookie-alert" data-translate="enable_cookies">Please enable cookies.</div>
    <div id="cf-error-details" class="p-0">
      <header class="mx-auto pt-10 lg:pt-6 lg:px-8 w-240 lg:w-full mb-15 antialiased">
         <h1 class="inline-block md:block mr-2 md:mb-2 font-light text-60 md:text-3xl text-black-dark leading-tight">
           <span data-translate="error">Error</span>
           <span>1015</span>
         </h1>
         <span class="inline-block md:block heading-ray-id font-mono text-15 lg:text-sm lg:leading-relaxed">Ray ID: 746c082bad9ee392 &bull;</span>
         <span class="inline-block md:block heading-ray-id font-mono text-15 lg:text-sm lg:leading-relaxed">2022-09-07 02:32:05 UTC</span>
        <h2 class="text-gray-600 leading-1.3 text-3xl lg:text-2xl font-light">You are being rate limited</h2>
      </header>

      <section class="w-240 lg:w-full mx-auto mb-8 lg:px-8">
          <div id="what-happened-section" class="w-1/2 md:w-full">
            <h2 class="text-3xl leading-tight font-normal mb-4 text-black-dark antialiased" data-translate="what_happened">What happened?</h2>
            <p>The owner of this website (discord.com) has banned you temporarily from accessing this website.</p>
            
          </div>

          
      </section>

      <div class="feedback-hidden py-8 text-center" id="error-feedback">
    <div id="error-feedback-survey" class="footer-line-wrapper">
        Was this page helpful?
        <button class="border border-solid bg-white cf-button cursor-pointer ml-4 px-4 py-2 rounded" id="feedback-button-yes" type="button">Yes</button>
        <button class="border border-solid bg-white cf-button cursor-pointer ml-4 px-4 py-2 rounded" id="feedback-button-no" type="button">No</button>
    </div>
    <div class="feedback-success feedback-hidden" id="error-feedback-success">
        Thank you for your feedback!
    </div>
</div>


      <div class="cf-error-footer cf-wrapper w-240 lg:w-full py-10 sm:py-4 sm:px-8 mx-auto text-center sm:text-left border-solid border-0 border-t border-gray-300">
  <p class="text-13">
    <span class="cf-footer-item sm:block sm:mb-1">Cloudflare Ray ID: <strong class="font-semibold">746c082bad9ee392</strong></span>
    <span class="cf-footer-separator sm:hidden">&bull;</span>
    <span id="cf-footer-item-ip" class="cf-footer-item hidden sm:block sm:mb-1">
      Your IP:
      <button type="button" id="cf-footer-ip-reveal" class="cf-footer-ip-reveal-btn">Click to reveal</button>
      <span class="hidden" id="cf-footer-ip">34.148.31.221</span>
      <span class="cf-footer-separator sm:hidden">&bull;</span>
    </span>
    <span class="cf-footer-item sm:block sm:mb-1"><span>Performance &amp; security by</span> <a rel="noopener noreferrer" href="https://www.cloudflare.com/5xx-error-landing" id="brand_link" target="_blank">Cloudflare</a></span>
    
  </p>
  <script>(function(){function d(){var b=a.getElementById("cf-footer-item-ip"),c=a.getElementById("cf-footer-ip-reveal");b&&"classList"in b&&(b.classList.remove("hidden"),c.addEventListener("click",function(){c.classList.add("hidden");a.getElementById("cf-footer-ip").classList.remove("hidden")}))}var a=document;document.addEventListener&&a.addEventListener("DOMContentLoaded",d)})();</script>
</div><!-- /.error-footer -->


    </div><!-- /#cf-error-details -->
  </div><!-- /#cf-wrapper -->

  <script>
  window._cf_translation = {};
  
  
</script>

<script>(function(){var js = "window['__CF$cv$params']={r:'746c082bad9ee392',m:'ApPlOBpW90OVmLzmY6vh5hSw7agfIxxJ_25D42cbROA-1662517925-0-AebtKfebethuZXZbZM+Cd+0oeK8+cHb0ZEYJzbeioM6vk7N1kPPTRObirIYEKQ6cQHTOuctD85fuQ44msnctcYnXre4MN0TPrLAus657WHDmPR292qqp5z+ivPdBVgEthw==',s:[0xc7290ab131,0x1219c5ec17],u:'/cdn-cgi/challenge-platform/h/b'};var now=Date.now()/1000,offset=14400,ts=''+(Math.floor(now)-Math.floor(now%offset)),_cpo=document.createElement('script');_cpo.nonce='',_cpo.src='/cdn-cgi/challenge-platform/h/b/scripts/alpha/invisible.js?ts='+ts,document.getElementsByTagName('head')[0].appendChild(_cpo);";var _0xh = document.createElement('iframe');_0xh.height = 1;_0xh.width = 1;_0xh.style.position = 'absolute';_0xh.style.top = 0;_0xh.style.left = 0;_0xh.style.border = 'none';_0xh.style.visibility = 'hidden';document.body.appendChild(_0xh);function handler() {var _0xi = _0xh.contentDocument || _0xh.contentWindow.document;if (_0xi) {var _0xj = _0xi.createElement('script');_0xj.nonce = '';_0xj.innerHTML = js;_0xi.getElementsByTagName('head')[0].appendChild(_0xj);}}if (document.readyState !== 'loading') {handler();} else if (window.addEventListener) {document.addEventListener('DOMContentLoaded', handler);} else {var prev = document.onreadystatechange || function () {};document.onreadystatechange = function (e) {prev(e);if (document.readyState !== 'loading') {document.onreadystatechange = prev;handler();}};}})();</script></body>
</html>


The above exception was the direct cause of the following exception:

Traceback (most recent call last):
  File "/opt/virtualenvs/python3/lib/python3.8/site-packages/discord/client.py", line 563, in connect
    self.ws = await asyncio.wait_for(coro, timeout=60.0)
  File "/usr/lib/python3.8/asyncio/tasks.py", line 494, in wait_for
    return fut.result()
  File "/opt/virtualenvs/python3/lib/python3.8/site-packages/discord/gateway.py", line 305, in from_client
    gateway = gateway or await client.http.get_gateway()
  File "/opt/virtualenvs/python3/lib/python3.8/site-packages/discord/http.py", line 969, in get_gateway
    raise GatewayNotFound() from exc
discord.errors.GatewayNotFound: The gateway to connect to discord was not found.
2022-09-07 02:32:06,517 ERROR: Attempting a reconnect in 10.82s
Traceback (most recent call last):
  File "/opt/virtualenvs/python3/lib/python3.8/site-packages/discord/http.py", line 967, in get_gateway
    data = await self.request(Route('GET', '/gateway'))
  File "/opt/virtualenvs/python3/lib/python3.8/site-packages/discord/http.py", line 216, in request
    raise HTTPException(r, data)
discord.errors.HTTPException: 429 Too Many Requests (error code: 0): <!DOCTYPE html>
<!--[if lt IE 7]> <html class="no-js ie6 oldie" lang="en-US"> <![endif]-->
<!--[if IE 7]>    <html class="no-js ie7 oldie" lang="en-US"> <![endif]-->
<!--[if IE 8]>    <html class="no-js ie8 oldie" lang="en-US"> <![endif]-->
<!--[if gt IE 8]><!--> <html class="no-js" lang="en-US"> <!--<![endif]-->
<head>
<title>Access denied | discord.com used Cloudflare to restrict access</title>
<meta charset="UTF-8" />
<meta http-equiv="Content-Type" content="text/html; charset=UTF-8" />
<meta http-equiv="X-UA-Compatible" content="IE=Edge" />
<meta name="robots" content="noindex, nofollow" />
<meta name="viewport" content="width=device-width,initial-scale=1" />
<link rel="stylesheet" id="cf_styles-css" href="/cdn-cgi/styles/main.css" />


<script>
(function(){if(document.addEventListener&&window.XMLHttpRequest&&JSON&&JSON.stringify){var e=function(a){var c=document.getElementById("error-feedback-survey"),d=document.getElementById("error-feedback-success"),b=new XMLHttpRequest;a={event:"feedback clicked",properties:{errorCode:1015,helpful:a,version:1}};b.open("POST","https://sparrow.cloudflare.com/api/v1/event");b.setRequestHeader("Content-Type","application/json");b.setRequestHeader("Sparrow-Source-Key","c771f0e4b54944bebf4261d44bd79a1e");
b.send(JSON.stringify(a));c.classList.add("feedback-hidden");d.classList.remove("feedback-hidden")};document.addEventListener("DOMContentLoaded",function(){var a=document.getElementById("error-feedback"),c=document.getElementById("feedback-button-yes"),d=document.getElementById("feedback-button-no");"classList"in a&&(a.classList.remove("feedback-hidden"),c.addEventListener("click",function(){e(!0)}),d.addEventListener("click",function(){e(!1)}))})}})();
</script>

<script defer src="https://performance.radar.cloudflare.com/beacon.js"></script>
</head>
<body>
  <div id="cf-wrapper">
    <div class="cf-alert cf-alert-error cf-cookie-error hidden" id="cookie-alert" data-translate="enable_cookies">Please enable cookies.</div>
    <div id="cf-error-details" class="p-0">
      <header class="mx-auto pt-10 lg:pt-6 lg:px-8 w-240 lg:w-full mb-15 antialiased">
         <h1 class="inline-block md:block mr-2 md:mb-2 font-light text-60 md:text-3xl text-black-dark leading-tight">
           <span data-translate="error">Error</span>
           <span>1015</span>
         </h1>
         <span class="inline-block md:block heading-ray-id font-mono text-15 lg:text-sm lg:leading-relaxed">Ray ID: 746c08309a73adbc &bull;</span>
         <span class="inline-block md:block heading-ray-id font-mono text-15 lg:text-sm lg:leading-relaxed">2022-09-07 02:32:06 UTC</span>
        <h2 class="text-gray-600 leading-1.3 text-3xl lg:text-2xl font-light">You are being rate limited</h2>
      </header>

      <section class="w-240 lg:w-full mx-auto mb-8 lg:px-8">
          <div id="what-happened-section" class="w-1/2 md:w-full">
            <h2 class="text-3xl leading-tight font-normal mb-4 text-black-dark antialiased" data-translate="what_happened">What happened?</h2>
            <p>The owner of this website (discord.com) has banned you temporarily from accessing this website.</p>
            
          </div>

          
      </section>

      <div class="feedback-hidden py-8 text-center" id="error-feedback">
    <div id="error-feedback-survey" class="footer-line-wrapper">
        Was this page helpful?
        <button class="border border-solid bg-white cf-button cursor-pointer ml-4 px-4 py-2 rounded" id="feedback-button-yes" type="button">Yes</button>
        <button class="border border-solid bg-white cf-button cursor-pointer ml-4 px-4 py-2 rounded" id="feedback-button-no" type="button">No</button>
    </div>
    <div class="feedback-success feedback-hidden" id="error-feedback-success">
        Thank you for your feedback!
    </div>
</div>


      <div class="cf-error-footer cf-wrapper w-240 lg:w-full py-10 sm:py-4 sm:px-8 mx-auto text-center sm:text-left border-solid border-0 border-t border-gray-300">
  <p class="text-13">
    <span class="cf-footer-item sm:block sm:mb-1">Cloudflare Ray ID: <strong class="font-semibold">746c08309a73adbc</strong></span>
    <span class="cf-footer-separator sm:hidden">&bull;</span>
    <span id="cf-footer-item-ip" class="cf-footer-item hidden sm:block sm:mb-1">
      Your IP:
      <button type="button" id="cf-footer-ip-reveal" class="cf-footer-ip-reveal-btn">Click to reveal</button>
      <span class="hidden" id="cf-footer-ip">34.148.31.221</span>
      <span class="cf-footer-separator sm:hidden">&bull;</span>
    </span>
    <span class="cf-footer-item sm:block sm:mb-1"><span>Performance &amp; security by</span> <a rel="noopener noreferrer" href="https://www.cloudflare.com/5xx-error-landing" id="brand_link" target="_blank">Cloudflare</a></span>
    
  </p>
  <script>(function(){function d(){var b=a.getElementById("cf-footer-item-ip"),c=a.getElementById("cf-footer-ip-reveal");b&&"classList"in b&&(b.classList.remove("hidden"),c.addEventListener("click",function(){c.classList.add("hidden");a.getElementById("cf-footer-ip").classList.remove("hidden")}))}var a=document;document.addEventListener&&a.addEventListener("DOMContentLoaded",d)})();</script>
</div><!-- /.error-footer -->


    </div><!-- /#cf-error-details -->
  </div><!-- /#cf-wrapper -->

  <script>
  window._cf_translation = {};
  
  
</script>

<script>(function(){var js = "window['__CF$cv$params']={r:'746c08309a73adbc',m:'d_4GiR39VeD_oRLJH4tYef8_lvur10N6z5T.ijNXX24-1662517926-0-AX29zu2PTad9SQ6XdoXjjx112EQ32sSyvpcxh2zpXu20v8gaiHHm/MnZwIsKnnLe6Aidkb88G4XOmWYfoWTEWmyONc2iqVzEEPooGQwD55lDVHmFrtfeCIRkZwWLSgIvAg==',s:[0x235c267d42,0xe556b8fe56],u:'/cdn-cgi/challenge-platform/h/b'};var now=Date.now()/1000,offset=14400,ts=''+(Math.floor(now)-Math.floor(now%offset)),_cpo=document.createElement('script');_cpo.nonce='',_cpo.src='/cdn-cgi/challenge-platform/h/b/scripts/alpha/invisible.js?ts='+ts,document.getElementsByTagName('head')[0].appendChild(_cpo);";var _0xh = document.createElement('iframe');_0xh.height = 1;_0xh.width = 1;_0xh.style.position = 'absolute';_0xh.style.top = 0;_0xh.style.left = 0;_0xh.style.border = 'none';_0xh.style.visibility = 'hidden';document.body.appendChild(_0xh);function handler() {var _0xi = _0xh.contentDocument || _0xh.contentWindow.document;if (_0xi) {var _0xj = _0xi.createElement('script');_0xj.nonce = '';_0xj.innerHTML = js;_0xi.getElementsByTagName('head')[0].appendChild(_0xj);}}if (document.readyState !== 'loading') {handler();} else if (window.addEventListener) {document.addEventListener('DOMContentLoaded', handler);} else {var prev = document.onreadystatechange || function () {};document.onreadystatechange = function (e) {prev(e);if (document.readyState !== 'loading') {document.onreadystatechange = prev;handler();}};}})();</script></body>
</html>


The above exception was the direct cause of the following exception:

Traceback (most recent call last):
  File "/opt/virtualenvs/python3/lib/python3.8/site-packages/discord/client.py", line 563, in connect
    self.ws = await asyncio.wait_for(coro, timeout=60.0)
  File "/usr/lib/python3.8/asyncio/tasks.py", line 494, in wait_for
    return fut.result()
  File "/opt/virtualenvs/python3/lib/python3.8/site-packages/discord/gateway.py", line 305, in from_client
    gateway = gateway or await client.http.get_gateway()
  File "/opt/virtualenvs/python3/lib/python3.8/site-packages/discord/http.py", line 969, in get_gateway
    raise GatewayNotFound() from exc
discord.errors.GatewayNotFound: The gateway to connect to discord was not found.
2022-09-07 02:32:17,408 ERROR: Attempting a reconnect in 6.79s
Traceback (most recent call last):
  File "/opt/virtualenvs/python3/lib/python3.8/site-packages/discord/http.py", line 967, in get_gateway
    data = await self.request(Route('GET', '/gateway'))
  File "/opt/virtualenvs/python3/lib/python3.8/site-packages/discord/http.py", line 216, in request
    raise HTTPException(r, data)
discord.errors.HTTPException: 429 Too Many Requests (error code: 0): <!DOCTYPE html>
<!--[if lt IE 7]> <html class="no-js ie6 oldie" lang="en-US"> <![endif]-->
<!--[if IE 7]>    <html class="no-js ie7 oldie" lang="en-US"> <![endif]-->
<!--[if IE 8]>    <html class="no-js ie8 oldie" lang="en-US"> <![endif]-->
<!--[if gt IE 8]><!--> <html class="no-js" lang="en-US"> <!--<![endif]-->
<head>
<title>Access denied | discord.com used Cloudflare to restrict access</title>
<meta charset="UTF-8" />
<meta http-equiv="Content-Type" content="text/html; charset=UTF-8" />
<meta http-equiv="X-UA-Compatible" content="IE=Edge" />
<meta name="robots" content="noindex, nofollow" />
<meta name="viewport" content="width=device-width,initial-scale=1" />
<link rel="stylesheet" id="cf_styles-css" href="/cdn-cgi/styles/main.css" />


<script>
(function(){if(document.addEventListener&&window.XMLHttpRequest&&JSON&&JSON.stringify){var e=function(a){var c=document.getElementById("error-feedback-survey"),d=document.getElementById("error-feedback-success"),b=new XMLHttpRequest;a={event:"feedback clicked",properties:{errorCode:1015,helpful:a,version:1}};b.open("POST","https://sparrow.cloudflare.com/api/v1/event");b.setRequestHeader("Content-Type","application/json");b.setRequestHeader("Sparrow-Source-Key","c771f0e4b54944bebf4261d44bd79a1e");
b.send(JSON.stringify(a));c.classList.add("feedback-hidden");d.classList.remove("feedback-hidden")};document.addEventListener("DOMContentLoaded",function(){var a=document.getElementById("error-feedback"),c=document.getElementById("feedback-button-yes"),d=document.getElementById("feedback-button-no");"classList"in a&&(a.classList.remove("feedback-hidden"),c.addEventListener("click",function(){e(!0)}),d.addEventListener("click",function(){e(!1)}))})}})();
</script>

<script defer src="https://performance.radar.cloudflare.com/beacon.js"></script>
</head>
<body>
  <div id="cf-wrapper">
    <div class="cf-alert cf-alert-error cf-cookie-error hidden" id="cookie-alert" data-translate="enable_cookies">Please enable cookies.</div>
    <div id="cf-error-details" class="p-0">
      <header class="mx-auto pt-10 lg:pt-6 lg:px-8 w-240 lg:w-full mb-15 antialiased">
         <h1 class="inline-block md:block mr-2 md:mb-2 font-light text-60 md:text-3xl text-black-dark leading-tight">
           <span data-translate="error">Error</span>
           <span>1015</span>
         </h1>
         <span class="inline-block md:block heading-ray-id font-mono text-15 lg:text-sm lg:leading-relaxed">Ray ID: 746c0874be42ad9a &bull;</span>
         <span class="inline-block md:block heading-ray-id font-mono text-15 lg:text-sm lg:leading-relaxed">2022-09-07 02:32:17 UTC</span>
        <h2 class="text-gray-600 leading-1.3 text-3xl lg:text-2xl font-light">You are being rate limited</h2>
      </header>

      <section class="w-240 lg:w-full mx-auto mb-8 lg:px-8">
          <div id="what-happened-section" class="w-1/2 md:w-full">
            <h2 class="text-3xl leading-tight font-normal mb-4 text-black-dark antialiased" data-translate="what_happened">What happened?</h2>
            <p>The owner of this website (discord.com) has banned you temporarily from accessing this website.</p>
            
          </div>

          
      </section>

      <div class="feedback-hidden py-8 text-center" id="error-feedback">
    <div id="error-feedback-survey" class="footer-line-wrapper">
        Was this page helpful?
        <button class="border border-solid bg-white cf-button cursor-pointer ml-4 px-4 py-2 rounded" id="feedback-button-yes" type="button">Yes</button>
        <button class="border border-solid bg-white cf-button cursor-pointer ml-4 px-4 py-2 rounded" id="feedback-button-no" type="button">No</button>
    </div>
    <div class="feedback-success feedback-hidden" id="error-feedback-success">
        Thank you for your feedback!
    </div>
</div>


      <div class="cf-error-footer cf-wrapper w-240 lg:w-full py-10 sm:py-4 sm:px-8 mx-auto text-center sm:text-left border-solid border-0 border-t border-gray-300">
  <p class="text-13">
    <span class="cf-footer-item sm:block sm:mb-1">Cloudflare Ray ID: <strong class="font-semibold">746c0874be42ad9a</strong></span>
    <span class="cf-footer-separator sm:hidden">&bull;</span>
    <span id="cf-footer-item-ip" class="cf-footer-item hidden sm:block sm:mb-1">
      Your IP:
      <button type="button" id="cf-footer-ip-reveal" class="cf-footer-ip-reveal-btn">Click to reveal</button>
      <span class="hidden" id="cf-footer-ip">34.148.31.221</span>
      <span class="cf-footer-separator sm:hidden">&bull;</span>
    </span>
    <span class="cf-footer-item sm:block sm:mb-1"><span>Performance &amp; security by</span> <a rel="noopener noreferrer" href="https://www.cloudflare.com/5xx-error-landing" id="brand_link" target="_blank">Cloudflare</a></span>
    
  </p>
  <script>(function(){function d(){var b=a.getElementById("cf-footer-item-ip"),c=a.getElementById("cf-footer-ip-reveal");b&&"classList"in b&&(b.classList.remove("hidden"),c.addEventListener("click",function(){c.classList.add("hidden");a.getElementById("cf-footer-ip").classList.remove("hidden")}))}var a=document;document.addEventListener&&a.addEventListener("DOMContentLoaded",d)})();</script>
</div><!-- /.error-footer -->


    </div><!-- /#cf-error-details -->
  </div><!-- /#cf-wrapper -->

  <script>
  window._cf_translation = {};
  
  
</script>

<script>(function(){var js = "window['__CF$cv$params']={r:'746c0874be42ad9a',m:'e.zJJ7irwDP1BQgauvFMJ1y5fCS_Fvu1d44sYDW79_4-1662517937-0-AWbKWzaR/+HYUcBV2gWswEUvCoa9OHXzCYHlP97wTfKn6Fs3VRmU7ik3jvhCMCJVtGiOQ3ZMmuBW40ezLTibdUi3b8VriYwLlBqD3Vlcikm2rm4swlYn16A5UeIKQojbrA==',s:[0xff607e3ddd,0x1e83194584],u:'/cdn-cgi/challenge-platform/h/b'};var now=Date.now()/1000,offset=14400,ts=''+(Math.floor(now)-Math.floor(now%offset)),_cpo=document.createElement('script');_cpo.nonce='',_cpo.src='/cdn-cgi/challenge-platform/h/b/scripts/alpha/invisible.js?ts='+ts,document.getElementsByTagName('head')[0].appendChild(_cpo);";var _0xh = document.createElement('iframe');_0xh.height = 1;_0xh.width = 1;_0xh.style.position = 'absolute';_0xh.style.top = 0;_0xh.style.left = 0;_0xh.style.border = 'none';_0xh.style.visibility = 'hidden';document.body.appendChild(_0xh);function handler() {var _0xi = _0xh.contentDocument || _0xh.contentWindow.document;if (_0xi) {var _0xj = _0xi.createElement('script');_0xj.nonce = '';_0xj.innerHTML = js;_0xi.getElementsByTagName('head')[0].appendChild(_0xj);}}if (document.readyState !== 'loading') {handler();} else if (window.addEventListener) {document.addEventListener('DOMContentLoaded', handler);} else {var prev = document.onreadystatechange || function () {};document.onreadystatechange = function (e) {prev(e);if (document.readyState !== 'loading') {document.onreadystatechange = prev;handler();}};}})();</script></body>
</html>


The above exception was the direct cause of the following exception:

Traceback (most recent call last):
  File "/opt/virtualenvs/python3/lib/python3.8/site-packages/discord/client.py", line 563, in connect
    self.ws = await asyncio.wait_for(coro, timeout=60.0)
  File "/usr/lib/python3.8/asyncio/tasks.py", line 494, in wait_for
    return fut.result()
  File "/opt/virtualenvs/python3/lib/python3.8/site-packages/discord/gateway.py", line 305, in from_client
    gateway = gateway or await client.http.get_gateway()
  File "/opt/virtualenvs/python3/lib/python3.8/site-packages/discord/http.py", line 969, in get_gateway
    raise GatewayNotFound() from exc
discord.errors.GatewayNotFound: The gateway to connect to discord was not found.
2022-09-07 02:32:24,331 INFO: Shard ID None has sent the RESUME payload.
2022-09-07 02:32:24,361 INFO: Shard ID None has successfully RESUMED session 26df07921811a6a253511ad91cd67f23 under trace ["gateway-prd-main-chlv",{"micros":594,"calls":["id_created",{"micros":0,"calls":[]},"session_lookup_time",{"micros":323,"calls":[]},"session_lookup_finished",{"micros":14,"calls":[]},"discord-sessions-green-prd-2-198",{"micros":21}]}].
2022-09-07 03:14:40,648 INFO: Websocket closed with 1006, attempting a reconnect.
2022-09-07 03:14:40,649 INFO: Got a request to RESUME the websocket.
2022-09-07 03:14:40,712 ERROR: Attempting a reconnect in 0.69s
Traceback (most recent call last):
  File "/opt/virtualenvs/python3/lib/python3.8/site-packages/discord/http.py", line 967, in get_gateway
    data = await self.request(Route('GET', '/gateway'))
  File "/opt/virtualenvs/python3/lib/python3.8/site-packages/discord/http.py", line 216, in request
    raise HTTPException(r, data)
discord.errors.HTTPException: 429 Too Many Requests (error code: 0): <!DOCTYPE html>
<!--[if lt IE 7]> <html class="no-js ie6 oldie" lang="en-US"> <![endif]-->
<!--[if IE 7]>    <html class="no-js ie7 oldie" lang="en-US"> <![endif]-->
<!--[if IE 8]>    <html class="no-js ie8 oldie" lang="en-US"> <![endif]-->
<!--[if gt IE 8]><!--> <html class="no-js" lang="en-US"> <!--<![endif]-->
<head>
<title>Access denied | discord.com used Cloudflare to restrict access</title>
<meta charset="UTF-8" />
<meta http-equiv="Content-Type" content="text/html; charset=UTF-8" />
<meta http-equiv="X-UA-Compatible" content="IE=Edge" />
<meta name="robots" content="noindex, nofollow" />
<meta name="viewport" content="width=device-width,initial-scale=1" />
<link rel="stylesheet" id="cf_styles-css" href="/cdn-cgi/styles/main.css" />


<script>
(function(){if(document.addEventListener&&window.XMLHttpRequest&&JSON&&JSON.stringify){var e=function(a){var c=document.getElementById("error-feedback-survey"),d=document.getElementById("error-feedback-success"),b=new XMLHttpRequest;a={event:"feedback clicked",properties:{errorCode:1015,helpful:a,version:1}};b.open("POST","https://sparrow.cloudflare.com/api/v1/event");b.setRequestHeader("Content-Type","application/json");b.setRequestHeader("Sparrow-Source-Key","c771f0e4b54944bebf4261d44bd79a1e");
b.send(JSON.stringify(a));c.classList.add("feedback-hidden");d.classList.remove("feedback-hidden")};document.addEventListener("DOMContentLoaded",function(){var a=document.getElementById("error-feedback"),c=document.getElementById("feedback-button-yes"),d=document.getElementById("feedback-button-no");"classList"in a&&(a.classList.remove("feedback-hidden"),c.addEventListener("click",function(){e(!0)}),d.addEventListener("click",function(){e(!1)}))})}})();
</script>

<script defer src="https://performance.radar.cloudflare.com/beacon.js"></script>
</head>
<body>
  <div id="cf-wrapper">
    <div class="cf-alert cf-alert-error cf-cookie-error hidden" id="cookie-alert" data-translate="enable_cookies">Please enable cookies.</div>
    <div id="cf-error-details" class="p-0">
      <header class="mx-auto pt-10 lg:pt-6 lg:px-8 w-240 lg:w-full mb-15 antialiased">
         <h1 class="inline-block md:block mr-2 md:mb-2 font-light text-60 md:text-3xl text-black-dark leading-tight">
           <span data-translate="error">Error</span>
           <span>1015</span>
         </h1>
         <span class="inline-block md:block heading-ray-id font-mono text-15 lg:text-sm lg:leading-relaxed">Ray ID: 746c468c5fe6e77b &bull;</span>
         <span class="inline-block md:block heading-ray-id font-mono text-15 lg:text-sm lg:leading-relaxed">2022-09-07 03:14:40 UTC</span>
        <h2 class="text-gray-600 leading-1.3 text-3xl lg:text-2xl font-light">You are being rate limited</h2>
      </header>

      <section class="w-240 lg:w-full mx-auto mb-8 lg:px-8">
          <div id="what-happened-section" class="w-1/2 md:w-full">
            <h2 class="text-3xl leading-tight font-normal mb-4 text-black-dark antialiased" data-translate="what_happened">What happened?</h2>
            <p>The owner of this website (discord.com) has banned you temporarily from accessing this website.</p>
            
          </div>

          
      </section>

      <div class="feedback-hidden py-8 text-center" id="error-feedback">
    <div id="error-feedback-survey" class="footer-line-wrapper">
        Was this page helpful?
        <button class="border border-solid bg-white cf-button cursor-pointer ml-4 px-4 py-2 rounded" id="feedback-button-yes" type="button">Yes</button>
        <button class="border border-solid bg-white cf-button cursor-pointer ml-4 px-4 py-2 rounded" id="feedback-button-no" type="button">No</button>
    </div>
    <div class="feedback-success feedback-hidden" id="error-feedback-success">
        Thank you for your feedback!
    </div>
</div>


      <div class="cf-error-footer cf-wrapper w-240 lg:w-full py-10 sm:py-4 sm:px-8 mx-auto text-center sm:text-left border-solid border-0 border-t border-gray-300">
  <p class="text-13">
    <span class="cf-footer-item sm:block sm:mb-1">Cloudflare Ray ID: <strong class="font-semibold">746c468c5fe6e77b</strong></span>
    <span class="cf-footer-separator sm:hidden">&bull;</span>
    <span id="cf-footer-item-ip" class="cf-footer-item hidden sm:block sm:mb-1">
      Your IP:
      <button type="button" id="cf-footer-ip-reveal" class="cf-footer-ip-reveal-btn">Click to reveal</button>
      <span class="hidden" id="cf-footer-ip">34.148.31.221</span>
      <span class="cf-footer-separator sm:hidden">&bull;</span>
    </span>
    <span class="cf-footer-item sm:block sm:mb-1"><span>Performance &amp; security by</span> <a rel="noopener noreferrer" href="https://www.cloudflare.com/5xx-error-landing" id="brand_link" target="_blank">Cloudflare</a></span>
    
  </p>
  <script>(function(){function d(){var b=a.getElementById("cf-footer-item-ip"),c=a.getElementById("cf-footer-ip-reveal");b&&"classList"in b&&(b.classList.remove("hidden"),c.addEventListener("click",function(){c.classList.add("hidden");a.getElementById("cf-footer-ip").classList.remove("hidden")}))}var a=document;document.addEventListener&&a.addEventListener("DOMContentLoaded",d)})();</script>
</div><!-- /.error-footer -->


    </div><!-- /#cf-error-details -->
  </div><!-- /#cf-wrapper -->

  <script>
  window._cf_translation = {};
  
  
</script>

<script>(function(){var js = "window['__CF$cv$params']={r:'746c468c5fe6e77b',m:'uUT7RwGNXxIwmD.Z2DKBLGSJT4tlH2rdIxjEJqHPvBM-1662520480-0-AUFqYG9ijg2YB/iiJibK6h+OTAJUxgOAwlxFY0j3PKxTeQXOTspcmnufLtJyPUMXpML3iHy75jysQBy66v49gINQE5vaVesrMqIcOXwgbZXQv85YyGkXTE2Lx57D9pTV0Q==',s:[0xcace97cdb3,0x1e83194584],u:'/cdn-cgi/challenge-platform/h/b'};var _cpo=document.createElement('script');_cpo.nonce='',_cpo.src='/cdn-cgi/challenge-platform/h/b/scripts/cb/invisible.js?cb=746c468c5fe6e77b',document.getElementsByTagName('head')[0].appendChild(_cpo);";var _0xh = document.createElement('iframe');_0xh.height = 1;_0xh.width = 1;_0xh.style.position = 'absolute';_0xh.style.top = 0;_0xh.style.left = 0;_0xh.style.border = 'none';_0xh.style.visibility = 'hidden';document.body.appendChild(_0xh);function handler() {var _0xi = _0xh.contentDocument || _0xh.contentWindow.document;if (_0xi) {var _0xj = _0xi.createElement('script');_0xj.nonce = '';_0xj.innerHTML = js;_0xi.getElementsByTagName('head')[0].appendChild(_0xj);}}if (document.readyState !== 'loading') {handler();} else if (window.addEventListener) {document.addEventListener('DOMContentLoaded', handler);} else {var prev = document.onreadystatechange || function () {};document.onreadystatechange = function (e) {prev(e);if (document.readyState !== 'loading') {document.onreadystatechange = prev;handler();}};}})();</script></body>
</html>


The above exception was the direct cause of the following exception:

Traceback (most recent call last):
  File "/opt/virtualenvs/python3/lib/python3.8/site-packages/discord/client.py", line 563, in connect
    self.ws = await asyncio.wait_for(coro, timeout=60.0)
  File "/usr/lib/python3.8/asyncio/tasks.py", line 494, in wait_for
    return fut.result()
  File "/opt/virtualenvs/python3/lib/python3.8/site-packages/discord/gateway.py", line 305, in from_client
    gateway = gateway or await client.http.get_gateway()
  File "/opt/virtualenvs/python3/lib/python3.8/site-packages/discord/http.py", line 969, in get_gateway
    raise GatewayNotFound() from exc
discord.errors.GatewayNotFound: The gateway to connect to discord was not found.
2022-09-07 03:14:41,543 INFO: Shard ID None has sent the RESUME payload.
2022-09-07 03:14:41,571 INFO: Shard ID None has successfully RESUMED session 26df07921811a6a253511ad91cd67f23 under trace ["gateway-prd-main-mnp3",{"micros":526,"calls":["id_created",{"micros":0,"calls":[]},"session_lookup_time",{"micros":286,"calls":[]},"session_lookup_finished",{"micros":10,"calls":[]},"discord-sessions-green-prd-2-198",{"micros":23}]}].
2022-09-07 04:58:03,971 INFO: Got a request to RESUME the websocket.
2022-09-07 04:58:04,028 ERROR: Attempting a reconnect in 0.94s
Traceback (most recent call last):
  File "/opt/virtualenvs/python3/lib/python3.8/site-packages/discord/http.py", line 967, in get_gateway
    data = await self.request(Route('GET', '/gateway'))
  File "/opt/virtualenvs/python3/lib/python3.8/site-packages/discord/http.py", line 216, in request
    raise HTTPException(r, data)
discord.errors.HTTPException: 429 Too Many Requests (error code: 0): <!DOCTYPE html>
<!--[if lt IE 7]> <html class="no-js ie6 oldie" lang="en-US"> <![endif]-->
<!--[if IE 7]>    <html class="no-js ie7 oldie" lang="en-US"> <![endif]-->
<!--[if IE 8]>    <html class="no-js ie8 oldie" lang="en-US"> <![endif]-->
<!--[if gt IE 8]><!--> <html class="no-js" lang="en-US"> <!--<![endif]-->
<head>
<title>Access denied | discord.com used Cloudflare to restrict access</title>
<meta charset="UTF-8" />
<meta http-equiv="Content-Type" content="text/html; charset=UTF-8" />
<meta http-equiv="X-UA-Compatible" content="IE=Edge" />
<meta name="robots" content="noindex, nofollow" />
<meta name="viewport" content="width=device-width,initial-scale=1" />
<link rel="stylesheet" id="cf_styles-css" href="/cdn-cgi/styles/main.css" />


<script>
(function(){if(document.addEventListener&&window.XMLHttpRequest&&JSON&&JSON.stringify){var e=function(a){var c=document.getElementById("error-feedback-survey"),d=document.getElementById("error-feedback-success"),b=new XMLHttpRequest;a={event:"feedback clicked",properties:{errorCode:1015,helpful:a,version:1}};b.open("POST","https://sparrow.cloudflare.com/api/v1/event");b.setRequestHeader("Content-Type","application/json");b.setRequestHeader("Sparrow-Source-Key","c771f0e4b54944bebf4261d44bd79a1e");
b.send(JSON.stringify(a));c.classList.add("feedback-hidden");d.classList.remove("feedback-hidden")};document.addEventListener("DOMContentLoaded",function(){var a=document.getElementById("error-feedback"),c=document.getElementById("feedback-button-yes"),d=document.getElementById("feedback-button-no");"classList"in a&&(a.classList.remove("feedback-hidden"),c.addEventListener("click",function(){e(!0)}),d.addEventListener("click",function(){e(!1)}))})}})();
</script>

<script defer src="https://performance.radar.cloudflare.com/beacon.js"></script>
<script async src='/cdn-cgi/bm/cv/669835187/api.js'></script></head>
<body>
  <div id="cf-wrapper">
    <div class="cf-alert cf-alert-error cf-cookie-error hidden" id="cookie-alert" data-translate="enable_cookies">Please enable cookies.</div>
    <div id="cf-error-details" class="p-0">
      <header class="mx-auto pt-10 lg:pt-6 lg:px-8 w-240 lg:w-full mb-15 antialiased">
         <h1 class="inline-block md:block mr-2 md:mb-2 font-light text-60 md:text-3xl text-black-dark leading-tight">
           <span data-translate="error">Error</span>
           <span>1015</span>
         </h1>
         <span class="inline-block md:block heading-ray-id font-mono text-15 lg:text-sm lg:leading-relaxed">Ray ID: 746cddff1e6b185b &bull;</span>
         <span class="inline-block md:block heading-ray-id font-mono text-15 lg:text-sm lg:leading-relaxed">2022-09-07 04:58:04 UTC</span>
        <h2 class="text-gray-600 leading-1.3 text-3xl lg:text-2xl font-light">You are being rate limited</h2>
      </header>

      <section class="w-240 lg:w-full mx-auto mb-8 lg:px-8">
          <div id="what-happened-section" class="w-1/2 md:w-full">
            <h2 class="text-3xl leading-tight font-normal mb-4 text-black-dark antialiased" data-translate="what_happened">What happened?</h2>
            <p>The owner of this website (discord.com) has banned you temporarily from accessing this website.</p>
            
          </div>

          
      </section>

      <div class="feedback-hidden py-8 text-center" id="error-feedback">
    <div id="error-feedback-survey" class="footer-line-wrapper">
        Was this page helpful?
        <button class="border border-solid bg-white cf-button cursor-pointer ml-4 px-4 py-2 rounded" id="feedback-button-yes" type="button">Yes</button>
        <button class="border border-solid bg-white cf-button cursor-pointer ml-4 px-4 py-2 rounded" id="feedback-button-no" type="button">No</button>
    </div>
    <div class="feedback-success feedback-hidden" id="error-feedback-success">
        Thank you for your feedback!
    </div>
</div>


      <div class="cf-error-footer cf-wrapper w-240 lg:w-full py-10 sm:py-4 sm:px-8 mx-auto text-center sm:text-left border-solid border-0 border-t border-gray-300">
  <p class="text-13">
    <span class="cf-footer-item sm:block sm:mb-1">Cloudflare Ray ID: <strong class="font-semibold">746cddff1e6b185b</strong></span>
    <span class="cf-footer-separator sm:hidden">&bull;</span>
    <span id="cf-footer-item-ip" class="cf-footer-item hidden sm:block sm:mb-1">
      Your IP:
      <button type="button" id="cf-footer-ip-reveal" class="cf-footer-ip-reveal-btn">Click to reveal</button>
      <span class="hidden" id="cf-footer-ip">34.148.31.221</span>
      <span class="cf-footer-separator sm:hidden">&bull;</span>
    </span>
    <span class="cf-footer-item sm:block sm:mb-1"><span>Performance &amp; security by</span> <a rel="noopener noreferrer" href="https://www.cloudflare.com/5xx-error-landing" id="brand_link" target="_blank">Cloudflare</a></span>
    
  </p>
  <script>(function(){function d(){var b=a.getElementById("cf-footer-item-ip"),c=a.getElementById("cf-footer-ip-reveal");b&&"classList"in b&&(b.classList.remove("hidden"),c.addEventListener("click",function(){c.classList.add("hidden");a.getElementById("cf-footer-ip").classList.remove("hidden")}))}var a=document;document.addEventListener&&a.addEventListener("DOMContentLoaded",d)})();</script>
</div><!-- /.error-footer -->


    </div><!-- /#cf-error-details -->
  </div><!-- /#cf-wrapper -->

  <script>
  window._cf_translation = {};
  
  
</script>

<script>(function(){window['__CF$cv$params']={r:'746cddff1e6b185b',m:'7PmD_C4D55C9Bz8Jw32gj82OguX74Omq3KDUiSPPj4U-1662526684-0-AWuLg9MnhFL+2sSGe05q2Z/cmyj3V+hyfQvzeyN05k9HtulXU9myrgZN5FGnQOToTPBAB2KhwwYYrgXZjpSx1Nf52VM2Ru16zS8uGtvHM2/nup9/9psPBdVpB2jUdzjUig==',s:[0x26e4c89f2a,0x14565a6486],}})();</script></body>
</html>


The above exception was the direct cause of the following exception:

Traceback (most recent call last):
  File "/opt/virtualenvs/python3/lib/python3.8/site-packages/discord/client.py", line 563, in connect
    self.ws = await asyncio.wait_for(coro, timeout=60.0)
  File "/usr/lib/python3.8/asyncio/tasks.py", line 494, in wait_for
    return fut.result()
  File "/opt/virtualenvs/python3/lib/python3.8/site-packages/discord/gateway.py", line 305, in from_client
    gateway = gateway or await client.http.get_gateway()
  File "/opt/virtualenvs/python3/lib/python3.8/site-packages/discord/http.py", line 969, in get_gateway
    raise GatewayNotFound() from exc
discord.errors.GatewayNotFound: The gateway to connect to discord was not found.
2022-09-07 04:58:05,016 ERROR: Attempting a reconnect in 3.94s
Traceback (most recent call last):
  File "/opt/virtualenvs/python3/lib/python3.8/site-packages/discord/http.py", line 967, in get_gateway
    data = await self.request(Route('GET', '/gateway'))
  File "/opt/virtualenvs/python3/lib/python3.8/site-packages/discord/http.py", line 216, in request
    raise HTTPException(r, data)
discord.errors.HTTPException: 429 Too Many Requests (error code: 0): <!DOCTYPE html>
<!--[if lt IE 7]> <html class="no-js ie6 oldie" lang="en-US"> <![endif]-->
<!--[if IE 7]>    <html class="no-js ie7 oldie" lang="en-US"> <![endif]-->
<!--[if IE 8]>    <html class="no-js ie8 oldie" lang="en-US"> <![endif]-->
<!--[if gt IE 8]><!--> <html class="no-js" lang="en-US"> <!--<![endif]-->
<head>
<title>Access denied | discord.com used Cloudflare to restrict access</title>
<meta charset="UTF-8" />
<meta http-equiv="Content-Type" content="text/html; charset=UTF-8" />
<meta http-equiv="X-UA-Compatible" content="IE=Edge" />
<meta name="robots" content="noindex, nofollow" />
<meta name="viewport" content="width=device-width,initial-scale=1" />
<link rel="stylesheet" id="cf_styles-css" href="/cdn-cgi/styles/main.css" />


<script>
(function(){if(document.addEventListener&&window.XMLHttpRequest&&JSON&&JSON.stringify){var e=function(a){var c=document.getElementById("error-feedback-survey"),d=document.getElementById("error-feedback-success"),b=new XMLHttpRequest;a={event:"feedback clicked",properties:{errorCode:1015,helpful:a,version:1}};b.open("POST","https://sparrow.cloudflare.com/api/v1/event");b.setRequestHeader("Content-Type","application/json");b.setRequestHeader("Sparrow-Source-Key","c771f0e4b54944bebf4261d44bd79a1e");
b.send(JSON.stringify(a));c.classList.add("feedback-hidden");d.classList.remove("feedback-hidden")};document.addEventListener("DOMContentLoaded",function(){var a=document.getElementById("error-feedback"),c=document.getElementById("feedback-button-yes"),d=document.getElementById("feedback-button-no");"classList"in a&&(a.classList.remove("feedback-hidden"),c.addEventListener("click",function(){e(!0)}),d.addEventListener("click",function(){e(!1)}))})}})();
</script>

<script defer src="https://performance.radar.cloudflare.com/beacon.js"></script>
</head>
<body>
  <div id="cf-wrapper">
    <div class="cf-alert cf-alert-error cf-cookie-error hidden" id="cookie-alert" data-translate="enable_cookies">Please enable cookies.</div>
    <div id="cf-error-details" class="p-0">
      <header class="mx-auto pt-10 lg:pt-6 lg:px-8 w-240 lg:w-full mb-15 antialiased">
         <h1 class="inline-block md:block mr-2 md:mb-2 font-light text-60 md:text-3xl text-black-dark leading-tight">
           <span data-translate="error">Error</span>
           <span>1015</span>
         </h1>
         <span class="inline-block md:block heading-ray-id font-mono text-15 lg:text-sm lg:leading-relaxed">Ray ID: 746cde05487407be &bull;</span>
         <span class="inline-block md:block heading-ray-id font-mono text-15 lg:text-sm lg:leading-relaxed">2022-09-07 04:58:05 UTC</span>
        <h2 class="text-gray-600 leading-1.3 text-3xl lg:text-2xl font-light">You are being rate limited</h2>
      </header>

      <section class="w-240 lg:w-full mx-auto mb-8 lg:px-8">
          <div id="what-happened-section" class="w-1/2 md:w-full">
            <h2 class="text-3xl leading-tight font-normal mb-4 text-black-dark antialiased" data-translate="what_happened">What happened?</h2>
            <p>The owner of this website (discord.com) has banned you temporarily from accessing this website.</p>
            
          </div>

          
      </section>

      <div class="feedback-hidden py-8 text-center" id="error-feedback">
    <div id="error-feedback-survey" class="footer-line-wrapper">
        Was this page helpful?
        <button class="border border-solid bg-white cf-button cursor-pointer ml-4 px-4 py-2 rounded" id="feedback-button-yes" type="button">Yes</button>
        <button class="border border-solid bg-white cf-button cursor-pointer ml-4 px-4 py-2 rounded" id="feedback-button-no" type="button">No</button>
    </div>
    <div class="feedback-success feedback-hidden" id="error-feedback-success">
        Thank you for your feedback!
    </div>
</div>


      <div class="cf-error-footer cf-wrapper w-240 lg:w-full py-10 sm:py-4 sm:px-8 mx-auto text-center sm:text-left border-solid border-0 border-t border-gray-300">
  <p class="text-13">
    <span class="cf-footer-item sm:block sm:mb-1">Cloudflare Ray ID: <strong class="font-semibold">746cde05487407be</strong></span>
    <span class="cf-footer-separator sm:hidden">&bull;</span>
    <span id="cf-footer-item-ip" class="cf-footer-item hidden sm:block sm:mb-1">
      Your IP:
      <button type="button" id="cf-footer-ip-reveal" class="cf-footer-ip-reveal-btn">Click to reveal</button>
      <span class="hidden" id="cf-footer-ip">34.148.31.221</span>
      <span class="cf-footer-separator sm:hidden">&bull;</span>
    </span>
    <span class="cf-footer-item sm:block sm:mb-1"><span>Performance &amp; security by</span> <a rel="noopener noreferrer" href="https://www.cloudflare.com/5xx-error-landing" id="brand_link" target="_blank">Cloudflare</a></span>
    
  </p>
  <script>(function(){function d(){var b=a.getElementById("cf-footer-item-ip"),c=a.getElementById("cf-footer-ip-reveal");b&&"classList"in b&&(b.classList.remove("hidden"),c.addEventListener("click",function(){c.classList.add("hidden");a.getElementById("cf-footer-ip").classList.remove("hidden")}))}var a=document;document.addEventListener&&a.addEventListener("DOMContentLoaded",d)})();</script>
</div><!-- /.error-footer -->


    </div><!-- /#cf-error-details -->
  </div><!-- /#cf-wrapper -->

  <script>
  window._cf_translation = {};
  
  
</script>

<script>(function(){var js = "window['__CF$cv$params']={r:'746cde05487407be',m:'4swMU3I.9P9iMkBYiOk8KoPZ8qDtlot6dZ3n48SYimk-1662526685-0-AT1JgCCw//CHajN56ibXhDFV484sELz3U1982h2xq1VF7bJpDs0HEHRggFxDmfe//OoNrnSVNgWkEEcaQiyXlt6Aj1Lhls/CF5MLQjN1v+Dzq8IMmsZZmm7OBAi4EzxYZg==',s:[0xf78113d7f9,0xb82b2b059f],u:'/cdn-cgi/challenge-platform/h/b'};var now=Date.now()/1000,offset=14400,ts=''+(Math.floor(now)-Math.floor(now%offset)),_cpo=document.createElement('script');_cpo.nonce='',_cpo.src='/cdn-cgi/challenge-platform/h/b/scripts/alpha/invisible.js?ts='+ts,document.getElementsByTagName('head')[0].appendChild(_cpo);";var _0xh = document.createElement('iframe');_0xh.height = 1;_0xh.width = 1;_0xh.style.position = 'absolute';_0xh.style.top = 0;_0xh.style.left = 0;_0xh.style.border = 'none';_0xh.style.visibility = 'hidden';document.body.appendChild(_0xh);function handler() {var _0xi = _0xh.contentDocument || _0xh.contentWindow.document;if (_0xi) {var _0xj = _0xi.createElement('script');_0xj.nonce = '';_0xj.innerHTML = js;_0xi.getElementsByTagName('head')[0].appendChild(_0xj);}}if (document.readyState !== 'loading') {handler();} else if (window.addEventListener) {document.addEventListener('DOMContentLoaded', handler);} else {var prev = document.onreadystatechange || function () {};document.onreadystatechange = function (e) {prev(e);if (document.readyState !== 'loading') {document.onreadystatechange = prev;handler();}};}})();</script></body>
</html>


The above exception was the direct cause of the following exception:

Traceback (most recent call last):
  File "/opt/virtualenvs/python3/lib/python3.8/site-packages/discord/client.py", line 563, in connect
    self.ws = await asyncio.wait_for(coro, timeout=60.0)
  File "/usr/lib/python3.8/asyncio/tasks.py", line 494, in wait_for
    return fut.result()
  File "/opt/virtualenvs/python3/lib/python3.8/site-packages/discord/gateway.py", line 305, in from_client
    gateway = gateway or await client.http.get_gateway()
  File "/opt/virtualenvs/python3/lib/python3.8/site-packages/discord/http.py", line 969, in get_gateway
    raise GatewayNotFound() from exc
discord.errors.GatewayNotFound: The gateway to connect to discord was not found.
2022-09-07 04:58:09,083 INFO: Shard ID None has sent the RESUME payload.
2022-09-07 04:58:09,112 INFO: Shard ID None has successfully RESUMED session 26df07921811a6a253511ad91cd67f23 under trace ["gateway-prd-main-8nrw",{"micros":660,"calls":["id_created",{"micros":0,"calls":[]},"session_lookup_time",{"micros":220,"calls":[]},"session_lookup_finished",{"micros":8,"calls":[]},"discord-sessions-green-prd-2-198",{"micros":19}]}].
2022-09-07 06:05:28,197 INFO: Got a request to RESUME the websocket.
2022-09-07 06:05:28,328 INFO: Shard ID None has sent the RESUME payload.
2022-09-07 06:05:28,351 INFO: Shard ID None has successfully RESUMED session 26df07921811a6a253511ad91cd67f23 under trace ["gateway-prd-main-dzjg",{"micros":817,"calls":["id_created",{"micros":0,"calls":[]},"session_lookup_time",{"micros":321,"calls":[]},"session_lookup_finished",{"micros":12,"calls":[]},"discord-sessions-green-prd-2-198",{"micros":25}]}].
2022-09-07 09:21:10,188 INFO: Got a request to RESUME the websocket.
2022-09-07 09:21:10,343 INFO: Shard ID None has sent the RESUME payload.
2022-09-07 09:21:10,366 INFO: Shard ID None has successfully RESUMED session 26df07921811a6a253511ad91cd67f23 under trace ["gateway-prd-main-hbln",{"micros":576,"calls":["id_created",{"micros":0,"calls":[]},"session_lookup_time",{"micros":269,"calls":[]},"session_lookup_finished",{"micros":7,"calls":[]},"discord-sessions-green-prd-2-198",{"micros":17}]}].
2022-09-07 09:37:13,018 INFO: Got a request to RESUME the websocket.
2022-09-07 09:37:13,165 INFO: Shard ID None has sent the RESUME payload.
2022-09-07 09:37:13,187 INFO: Shard ID None has successfully RESUMED session 26df07921811a6a253511ad91cd67f23 under trace ["gateway-prd-main-09sg",{"micros":454,"calls":["id_created",{"micros":0,"calls":[]},"session_lookup_time",{"micros":229,"calls":[]},"session_lookup_finished",{"micros":10,"calls":[]},"discord-sessions-green-prd-2-198",{"micros":18}]}].
2022-09-07 12:03:53,503 INFO: Got a request to RESUME the websocket.
2022-09-07 12:03:53,671 INFO: Shard ID None has sent the RESUME payload.
2022-09-07 12:03:53,705 INFO: Shard ID None has successfully RESUMED session 26df07921811a6a253511ad91cd67f23 under trace ["gateway-prd-main-tbph",{"micros":8867,"calls":["id_created",{"micros":0,"calls":[]},"session_lookup_time",{"micros":305,"calls":[]},"session_lookup_finished",{"micros":10,"calls":[]},"discord-sessions-green-prd-2-198",{"micros":18}]}].
2022-09-07 14:16:17,952 INFO: Websocket closed with 1006, attempting a reconnect.
2022-09-07 14:16:17,952 INFO: Got a request to RESUME the websocket.
2022-09-07 14:16:18,142 INFO: Shard ID None has sent the RESUME payload.
2022-09-07 14:16:18,166 INFO: Shard ID None has successfully RESUMED session 26df07921811a6a253511ad91cd67f23 under trace ["gateway-prd-main-z512",{"micros":685,"calls":["id_created",{"micros":0,"calls":[]},"session_lookup_time",{"micros":276,"calls":[]},"session_lookup_finished",{"micros":36,"calls":[]},"discord-sessions-green-prd-2-198",{"micros":18}]}].
2022-09-07 14:41:58,266 INFO: Chi in 9又4分之8.7月台[123是什麼敷衍的名字]
2022-09-07 14:41:58,386 INFO: Connecting to voice...
2022-09-07 14:41:58,386 INFO: Starting voice handshake... (connection attempt 1)
2022-09-07 14:41:58,940 INFO: Voice handshake complete. Endpoint found hongkong1145.discord.media
2022-09-07 14:41:59,134 ERROR: Exception occurred during Voice Protocol voice server update handler
Traceback (most recent call last):
  File "/opt/virtualenvs/python3/lib/python3.8/site-packages/discord/state.py", line 102, in logging_coroutine
    await coroutine
  File "/opt/virtualenvs/python3/lib/python3.8/site-packages/discord/voice_client.py", line 295, in on_voice_server_update
    await self.ws.close(4000)
AttributeError: 'NoneType' object has no attribute 'close'
2022-09-07 14:42:00,137 INFO: selected the voice protocol for use (xsalsa20_poly1305_lite)
2022-09-07 14:42:00,375 INFO: received secret key for voice connection
2022-09-07 14:42:02,576 INFO: Preparing to terminate ffmpeg process 1404.
2022-09-07 14:42:02,577 INFO: ffmpeg process 1404 successfully terminated with return code of 0.
2022-09-07 14:42:05,591 INFO: Preparing to terminate ffmpeg process 1415.
2022-09-07 14:42:05,591 INFO: ffmpeg process 1415 successfully terminated with return code of 0.
2022-09-07 14:42:06,619 INFO: The voice handshake is being terminated for Channel ID 728631391809437746 (Guild ID 428109526550708234)
2022-09-07 14:42:06,620 INFO: Disconnecting from voice normally, close code 1000.
2022-09-07 14:43:36,457 INFO: BunnyplayGG in 9又4分之8.7月台[123是什麼敷衍的名字]
2022-09-07 14:43:36,591 INFO: Connecting to voice...
2022-09-07 14:43:36,598 INFO: Starting voice handshake... (connection attempt 1)
2022-09-07 14:43:37,345 INFO: Voice handshake complete. Endpoint found hongkong1145.discord.media
2022-09-07 14:43:38,585 INFO: selected the voice protocol for use (xsalsa20_poly1305_lite)
2022-09-07 14:43:38,828 INFO: received secret key for voice connection
2022-09-07 14:43:41,216 INFO: Preparing to terminate ffmpeg process 1426.
2022-09-07 14:43:41,217 INFO: ffmpeg process 1426 successfully terminated with return code of 0.
2022-09-07 14:43:44,071 INFO: Preparing to terminate ffmpeg process 1436.
2022-09-07 14:43:44,072 INFO: ffmpeg process 1436 successfully terminated with return code of 0.
2022-09-07 14:43:45,157 INFO: The voice handshake is being terminated for Channel ID 728631391809437746 (Guild ID 428109526550708234)
2022-09-07 14:43:45,158 INFO: Disconnecting from voice normally, close code 1000.
2022-09-07 14:49:27,235 INFO: Fiven-chung in 9又4分之8.7月台[123是什麼敷衍的名字]
2022-09-07 14:49:27,356 INFO: Connecting to voice...
2022-09-07 14:49:27,356 INFO: Starting voice handshake... (connection attempt 1)
2022-09-07 14:49:28,129 INFO: Voice handshake complete. Endpoint found hongkong1145.discord.media
2022-09-07 14:49:29,406 INFO: selected the voice protocol for use (xsalsa20_poly1305_lite)
2022-09-07 14:49:29,655 INFO: received secret key for voice connection
2022-09-07 14:49:32,041 INFO: Preparing to terminate ffmpeg process 1466.
2022-09-07 14:49:32,041 INFO: ffmpeg process 1466 successfully terminated with return code of 0.
2022-09-07 14:49:34,191 INFO: Preparing to terminate ffmpeg process 1476.
2022-09-07 14:49:34,194 INFO: ffmpeg process 1476 successfully terminated with return code of 0.
2022-09-07 14:49:35,196 INFO: The voice handshake is being terminated for Channel ID 728631391809437746 (Guild ID 428109526550708234)
2022-09-07 14:49:35,196 INFO: Disconnecting from voice normally, close code 1000.
2022-09-07 14:49:52,644 INFO: Bananaa in 9又4分之8.7月台[123是什麼敷衍的名字]
2022-09-07 14:49:52,724 INFO: Connecting to voice...
2022-09-07 14:49:52,725 INFO: Starting voice handshake... (connection attempt 1)
2022-09-07 14:49:53,018 INFO: Voice handshake complete. Endpoint found hongkong1145.discord.media
2022-09-07 14:49:54,229 INFO: selected the voice protocol for use (xsalsa20_poly1305_lite)
2022-09-07 14:49:54,466 INFO: received secret key for voice connection
2022-09-07 14:49:56,367 INFO: Preparing to terminate ffmpeg process 1487.
2022-09-07 14:49:56,368 INFO: ffmpeg process 1487 successfully terminated with return code of 0.
2022-09-07 14:49:58,719 INFO: Preparing to terminate ffmpeg process 1497.
2022-09-07 14:49:58,720 INFO: ffmpeg process 1497 successfully terminated with return code of 0.
2022-09-07 14:49:59,691 INFO: Bananaa out 9又4分之8.7月台[123是什麼敷衍的名字]
2022-09-07 14:50:01,454 INFO: Preparing to terminate ffmpeg process 1507.
2022-09-07 14:50:01,454 INFO: ffmpeg process 1507 successfully terminated with return code of 0.
2022-09-07 14:50:02,463 INFO: The voice handshake is being terminated for Channel ID 728631391809437746 (Guild ID 428109526550708234)
2022-09-07 14:50:02,463 INFO: Disconnecting from voice normally, close code 1000.
2022-09-07 14:50:21,323 INFO: Bananaa in 9又4分之8.7月台[123是什麼敷衍的名字]
2022-09-07 14:50:21,405 INFO: Connecting to voice...
2022-09-07 14:50:21,405 INFO: Starting voice handshake... (connection attempt 1)
2022-09-07 14:50:21,696 INFO: Voice handshake complete. Endpoint found hongkong1145.discord.media
2022-09-07 14:50:22,887 INFO: selected the voice protocol for use (xsalsa20_poly1305_lite)
2022-09-07 14:50:23,130 INFO: received secret key for voice connection
2022-09-07 14:50:25,019 INFO: Preparing to terminate ffmpeg process 1518.
2022-09-07 14:50:25,020 INFO: ffmpeg process 1518 successfully terminated with return code of 0.
2022-09-07 14:50:27,016 INFO: Preparing to terminate ffmpeg process 1528.
2022-09-07 14:50:27,017 INFO: ffmpeg process 1528 successfully terminated with return code of 0.
2022-09-07 14:50:28,068 INFO: The voice handshake is being terminated for Channel ID 728631391809437746 (Guild ID 428109526550708234)
2022-09-07 14:50:28,068 INFO: Disconnecting from voice normally, close code 1000.
2022-09-07 14:53:05,410 INFO: logging in using static token
2022-09-07 14:53:05,695 INFO: Shard ID None has sent the IDENTIFY payload.
2022-09-07 14:53:05,811 INFO: Shard ID None has connected to Gateway: ["gateway-prd-main-w2tt",{"micros":88592,"calls":["id_created",{"micros":579,"calls":[]},"session_lookup_time",{"micros":3081,"calls":[]},"session_lookup_finished",{"micros":14,"calls":[]},"discord-sessions-green-prd-2-94",{"micros":84375,"calls":["start_session",{"micros":47593,"calls":["discord-api-6d45d8c7df-b4lh6",{"micros":43175,"calls":["get_user",{"micros":10611},"get_guilds",{"micros":10916},"send_scheduled_deletion_message",{"micros":15},"guild_join_requests",{"micros":2},"authorized_ip_coro",{"micros":13}]}]},"starting_guild_connect",{"micros":35,"calls":[]},"presence_started",{"micros":7983,"calls":[]},"guilds_started",{"micros":19116,"calls":[]},"guilds_connect",{"micros":2,"calls":[]},"presence_connect",{"micros":9629,"calls":[]},"connect_finished",{"micros":9636,"calls":[]},"build_ready",{"micros":7,"calls":[]},"optimize_ready",{"micros":1,"calls":[]},"split_ready",{"micros":0,"calls":[]},"clean_ready",{"micros":1,"calls":[]}]}]}] (Session ID: 06e40ac7df1e07782cbe25910a6374e4).
2022-09-07 14:53:07,887 INFO: 目前登入身份：神奇海螺#3847
2022-09-07 14:53:56,949 WARNING: Shard ID None heartbeat blocked for more than 10 seconds.
Loop thread traceback (most recent call last):
  File "main.py", line 432, in <module>
    client.run(os.environ['BOT_TOKEN'])
  File "/opt/virtualenvs/python3/lib/python3.8/site-packages/discord/client.py", line 713, in run
    loop.run_forever()
  File "/usr/lib/python3.8/asyncio/base_events.py", line 570, in run_forever
    self._run_once()
  File "/usr/lib/python3.8/asyncio/base_events.py", line 1859, in _run_once
    handle._run()
  File "/usr/lib/python3.8/asyncio/events.py", line 81, in _run
    self._context.run(self._callback, *self._args)
  File "/opt/virtualenvs/python3/lib/python3.8/site-packages/discord/client.py", line 343, in _run_event
    await coro(*args, **kwargs)
  File "main.py", line 23, in on_ready
    log.info('目前登入身份：' + str(client.user))
  File "/home/runner/dcbot/logger.py", line 10, in info
    print('[INFO] ' + msg)

2022-09-07 14:54:06,950 WARNING: Shard ID None heartbeat blocked for more than 20 seconds.
Loop thread traceback (most recent call last):
  File "main.py", line 432, in <module>
    client.run(os.environ['BOT_TOKEN'])
  File "/opt/virtualenvs/python3/lib/python3.8/site-packages/discord/client.py", line 713, in run
    loop.run_forever()
  File "/usr/lib/python3.8/asyncio/base_events.py", line 570, in run_forever
    self._run_once()
  File "/usr/lib/python3.8/asyncio/base_events.py", line 1859, in _run_once
    handle._run()
  File "/usr/lib/python3.8/asyncio/events.py", line 81, in _run
    self._context.run(self._callback, *self._args)
  File "/opt/virtualenvs/python3/lib/python3.8/site-packages/discord/client.py", line 343, in _run_event
    await coro(*args, **kwargs)
  File "main.py", line 23, in on_ready
    log.info('目前登入身份：' + str(client.user))
  File "/home/runner/dcbot/logger.py", line 10, in info
    print('[INFO] ' + msg)

2022-09-07 14:54:11,380 INFO: logging in using static token
2022-09-07 14:54:11,671 INFO: Shard ID None has sent the IDENTIFY payload.
2022-09-07 14:54:11,823 INFO: Shard ID None has connected to Gateway: ["gateway-prd-main-m8mf",{"micros":125781,"calls":["id_created",{"micros":604,"calls":[]},"session_lookup_time",{"micros":550,"calls":[]},"session_lookup_finished",{"micros":17,"calls":[]},"discord-sessions-green-prd-2-75",{"micros":124092,"calls":["start_session",{"micros":86566,"calls":["discord-api-6d45d8c7df-2lc6j",{"micros":81345,"calls":["get_user",{"micros":30524},"get_guilds",{"micros":9634},"send_scheduled_deletion_message",{"micros":11},"guild_join_requests",{"micros":1292},"authorized_ip_coro",{"micros":14}]}]},"starting_guild_connect",{"micros":37,"calls":[]},"presence_started",{"micros":410,"calls":[]},"guilds_started",{"micros":37067,"calls":[]},"guilds_connect",{"micros":1,"calls":[]},"presence_connect",{"micros":1,"calls":[]},"connect_finished",{"micros":5,"calls":[]},"build_ready",{"micros":4,"calls":[]},"optimize_ready",{"micros":0,"calls":[]},"split_ready",{"micros":0,"calls":[]},"clean_ready",{"micros":1,"calls":[]}]}]}] (Session ID: cc569493d46eee1be6d6915b1e4e99e3).
2022-09-07 14:54:13,884 INFO: 目前登入身份：神奇海螺#3847
2022-09-07 14:54:17,386 INFO: Chi in 9又4分之8.7月台[打不出幹話就講出來啊]
2022-09-07 14:54:17,485 INFO: Connecting to voice...
2022-09-07 14:54:17,486 INFO: Starting voice handshake... (connection attempt 1)
2022-09-07 14:54:18,065 INFO: Voice handshake complete. Endpoint found hongkong7205.discord.media
2022-09-07 14:54:18,265 ERROR: Exception occurred during Voice Protocol voice server update handler
Traceback (most recent call last):
  File "/opt/virtualenvs/python3/lib/python3.8/site-packages/discord/state.py", line 102, in logging_coroutine
    await coroutine
  File "/opt/virtualenvs/python3/lib/python3.8/site-packages/discord/voice_client.py", line 295, in on_voice_server_update
    await self.ws.close(4000)
AttributeError: 'NoneType' object has no attribute 'close'
2022-09-07 14:54:19,315 INFO: selected the voice protocol for use (xsalsa20_poly1305_lite)
2022-09-07 14:54:19,580 INFO: received secret key for voice connection
2022-09-07 14:54:20,482 INFO: Fiven-chung in 9又4分之8.7月台[打不出幹話就講出來啊]
2022-09-07 14:54:21,258 INFO: Preparing to terminate ffmpeg process 1906.
2022-09-07 14:54:21,259 INFO: ffmpeg process 1906 successfully terminated with return code of 0.
2022-09-07 14:54:21,653 INFO: BunnyplayGG in 9又4分之8.7月台[打不出幹話就講出來啊]
2022-09-07 14:54:22,800 INFO: Bananaa in 9又4分之8.7月台[打不出幹話就講出來啊]
2022-09-07 14:54:23,294 INFO: Preparing to terminate ffmpeg process 1920.
2022-09-07 14:54:23,295 INFO: ffmpeg process 1920 successfully terminated with return code of 0.
2022-09-07 14:54:26,185 INFO: Preparing to terminate ffmpeg process 1933.
2022-09-07 14:54:26,185 INFO: ffmpeg process 1933 successfully terminated with return code of 0.
2022-09-07 14:54:27,700 INFO: Preparing to terminate ffmpeg process 1946.
2022-09-07 14:54:27,701 INFO: ffmpeg process 1946 successfully terminated with return code of 0.
2022-09-07 14:54:31,111 INFO: Preparing to terminate ffmpeg process 1959.
2022-09-07 14:54:31,112 INFO: ffmpeg process 1959 successfully terminated with return code of 0.
2022-09-07 14:54:33,391 INFO: Bananaa in 9又4分之8.7月台[123是什麼敷衍的名字]
2022-09-07 14:54:34,527 INFO: Preparing to terminate ffmpeg process 1971.
2022-09-07 14:54:34,528 INFO: ffmpeg process 1971 successfully terminated with return code of 0.
2022-09-07 14:54:37,470 INFO: Preparing to terminate ffmpeg process 2024.
2022-09-07 14:54:37,470 INFO: ffmpeg process 2024 successfully terminated with return code of 0.
2022-09-07 14:54:39,470 INFO: Preparing to terminate ffmpeg process 2037.
2022-09-07 14:54:39,471 INFO: ffmpeg process 2037 successfully terminated with return code of 0.
2022-09-07 14:54:40,512 INFO: The voice handshake is being terminated for Channel ID 428109526550708238 (Guild ID 428109526550708234)
2022-09-07 14:54:40,513 INFO: Connecting to voice...
2022-09-07 14:54:40,513 INFO: Starting voice handshake... (connection attempt 1)
2022-09-07 14:54:40,514 INFO: Disconnecting from voice normally, close code 1000.
2022-09-07 14:54:40,751 INFO: Voice handshake complete. Endpoint found hongkong1174.discord.media
2022-09-07 14:54:41,968 INFO: selected the voice protocol for use (xsalsa20_poly1305_lite)
2022-09-07 14:54:42,252 INFO: received secret key for voice connection
2022-09-07 14:54:44,660 INFO: Preparing to terminate ffmpeg process 2051.
2022-09-07 14:54:44,661 INFO: ffmpeg process 2051 successfully terminated with return code of 0.
2022-09-07 14:54:46,636 INFO: Preparing to terminate ffmpeg process 2075.
2022-09-07 14:54:46,637 INFO: ffmpeg process 2075 successfully terminated with return code of 0.
2022-09-07 14:54:47,681 INFO: The voice handshake is being terminated for Channel ID 728631391809437746 (Guild ID 428109526550708234)
2022-09-07 14:54:47,682 INFO: Disconnecting from voice normally, close code 1000.
2022-09-07 14:54:50,651 INFO: Bananaa in 9又4分之8.7月台[打不出幹話就講出來啊]
2022-09-07 14:54:50,735 INFO: Connecting to voice...
2022-09-07 14:54:50,736 INFO: Starting voice handshake... (connection attempt 1)
2022-09-07 14:54:50,974 INFO: Voice handshake complete. Endpoint found hongkong7205.discord.media
2022-09-07 14:54:52,214 INFO: selected the voice protocol for use (xsalsa20_poly1305_lite)
2022-09-07 14:54:52,453 INFO: received secret key for voice connection
2022-09-07 14:54:54,863 INFO: Preparing to terminate ffmpeg process 2095.
2022-09-07 14:54:54,863 INFO: ffmpeg process 2095 successfully terminated with return code of 0.
2022-09-07 14:54:57,165 INFO: Preparing to terminate ffmpeg process 2119.
2022-09-07 14:54:57,166 INFO: ffmpeg process 2119 successfully terminated with return code of 0.
2022-09-07 14:54:58,190 INFO: The voice handshake is being terminated for Channel ID 428109526550708238 (Guild ID 428109526550708234)
2022-09-07 14:54:58,191 INFO: Disconnecting from voice normally, close code 1000.
2022-09-07 14:56:18,298 INFO: Bananaa in 9又4分之8.7月台[123是什麼敷衍的名字]
2022-09-07 14:56:18,337 INFO: Connecting to voice...
2022-09-07 14:56:18,337 INFO: Starting voice handshake... (connection attempt 1)
2022-09-07 14:56:18,994 INFO: Voice handshake complete. Endpoint found hongkong6482.discord.media
2022-09-07 14:56:19,190 ERROR: Exception occurred during Voice Protocol voice server update handler
Traceback (most recent call last):
  File "/opt/virtualenvs/python3/lib/python3.8/site-packages/discord/state.py", line 102, in logging_coroutine
    await coroutine
  File "/opt/virtualenvs/python3/lib/python3.8/site-packages/discord/voice_client.py", line 295, in on_voice_server_update
    await self.ws.close(4000)
AttributeError: 'NoneType' object has no attribute 'close'
2022-09-07 14:56:20,238 INFO: selected the voice protocol for use (xsalsa20_poly1305_lite)
2022-09-07 14:56:20,491 INFO: received secret key for voice connection
2022-09-07 14:56:22,391 INFO: Preparing to terminate ffmpeg process 2259.
2022-09-07 14:56:22,392 INFO: ffmpeg process 2259 successfully terminated with return code of 0.
2022-09-07 14:56:25,262 INFO: Preparing to terminate ffmpeg process 2272.
2022-09-07 14:56:25,263 INFO: ffmpeg process 2272 successfully terminated with return code of 0.
2022-09-07 14:56:26,350 INFO: The voice handshake is being terminated for Channel ID 728631391809437746 (Guild ID 428109526550708234)
2022-09-07 14:56:26,353 INFO: Disconnecting from voice normally, close code 1000.
2022-09-07 14:56:34,043 INFO: Bananaa in 9又4分之8.7月台[打不出幹話就講出來啊]
2022-09-07 14:56:34,083 INFO: Connecting to voice...
2022-09-07 14:56:34,084 INFO: Starting voice handshake... (connection attempt 1)
2022-09-07 14:56:34,411 INFO: Voice handshake complete. Endpoint found hongkong7205.discord.media
2022-09-07 14:56:35,614 INFO: selected the voice protocol for use (xsalsa20_poly1305_lite)
2022-09-07 14:56:35,854 INFO: received secret key for voice connection
2022-09-07 14:56:37,746 INFO: Preparing to terminate ffmpeg process 2295.
2022-09-07 14:56:37,747 INFO: ffmpeg process 2295 successfully terminated with return code of 0.
2022-09-07 14:56:40,044 INFO: Preparing to terminate ffmpeg process 2308.
2022-09-07 14:56:40,044 INFO: ffmpeg process 2308 successfully terminated with return code of 0.
2022-09-07 14:56:41,093 INFO: The voice handshake is being terminated for Channel ID 428109526550708238 (Guild ID 428109526550708234)
2022-09-07 14:56:41,094 INFO: Disconnecting from voice normally, close code 1000.
2022-09-07 14:57:28,805 INFO: logging in using static token
2022-09-07 14:57:29,082 INFO: Shard ID None has sent the IDENTIFY payload.
2022-09-07 14:57:29,222 INFO: Shard ID None has connected to Gateway: ["gateway-prd-main-73nn",{"micros":111104,"calls":["id_created",{"micros":747,"calls":[]},"session_lookup_time",{"micros":313,"calls":[]},"session_lookup_finished",{"micros":15,"calls":[]},"discord-sessions-green-prd-2-44",{"micros":109533,"calls":["start_session",{"micros":41185,"calls":["discord-api-6d45d8c7df-cdm5s",{"micros":36932,"calls":["get_user",{"micros":9633},"get_guilds",{"micros":5448},"send_scheduled_deletion_message",{"micros":12},"guild_join_requests",{"micros":2},"authorized_ip_coro",{"micros":12}]}]},"starting_guild_connect",{"micros":27,"calls":[]},"presence_started",{"micros":28154,"calls":[]},"guilds_started",{"micros":40150,"calls":[]},"guilds_connect",{"micros":2,"calls":[]},"presence_connect",{"micros":2,"calls":[]},"connect_finished",{"micros":7,"calls":[]},"build_ready",{"micros":5,"calls":[]},"optimize_ready",{"micros":1,"calls":[]},"split_ready",{"micros":1,"calls":[]},"clean_ready",{"micros":0,"calls":[]}]}]}] (Session ID: 97f4dc70f7605c9c82ede65315dfed08).
2022-09-07 14:57:31,262 INFO: 目前登入身份：神奇海螺#3847
2022-09-07 14:57:36,994 INFO: Bananaa in 9又4分之8.7月台[123是什麼敷衍的名字]
2022-09-07 14:57:37,080 WARNING: 'zh-tw' has been deprecated, falling back to 'zh-TW'. This fallback will be removed in a future version.
2022-09-07 14:57:37,947 INFO: Connecting to voice...
2022-09-07 14:57:37,947 INFO: Starting voice handshake... (connection attempt 1)
2022-09-07 14:57:37,998 INFO: Bananaa in 9又4分之8.7月台[打不出幹話就講出來啊]
2022-09-07 14:57:39,450 INFO: Voice handshake complete. Endpoint found atlanta7563.discord.media
2022-09-07 14:57:39,599 INFO: selected the voice protocol for use (xsalsa20_poly1305_lite)
2022-09-07 14:57:39,619 INFO: received secret key for voice connection
2022-09-07 14:57:42,777 INFO: Preparing to terminate ffmpeg process 2515.
2022-09-07 14:57:42,778 INFO: ffmpeg process 2515 successfully terminated with return code of 0.
2022-09-07 14:57:45,138 INFO: Preparing to terminate ffmpeg process 2529.
2022-09-07 14:57:45,140 INFO: ffmpeg process 2529 successfully terminated with return code of 0.
2022-09-07 14:57:46,169 INFO: The voice handshake is being terminated for Channel ID 728631391809437746 (Guild ID 428109526550708234)
2022-09-07 14:57:46,170 INFO: Connecting to voice...
2022-09-07 14:57:46,170 INFO: Starting voice handshake... (connection attempt 1)
2022-09-07 14:57:46,170 INFO: Disconnecting from voice normally, close code 1000.
2022-09-07 14:57:46,435 INFO: Voice handshake complete. Endpoint found hongkong7205.discord.media
2022-09-07 14:57:47,739 INFO: selected the voice protocol for use (xsalsa20_poly1305_lite)
2022-09-07 14:57:47,980 INFO: received secret key for voice connection
2022-09-07 14:57:51,631 INFO: Preparing to terminate ffmpeg process 2546.
2022-09-07 14:57:51,632 INFO: ffmpeg process 2546 successfully terminated with return code of 0.
2022-09-07 14:57:53,730 INFO: Preparing to terminate ffmpeg process 2562.
2022-09-07 14:57:53,730 INFO: ffmpeg process 2562 successfully terminated with return code of 0.
2022-09-07 14:57:54,752 INFO: The voice handshake is being terminated for Channel ID 428109526550708238 (Guild ID 428109526550708234)
2022-09-07 14:57:54,752 INFO: Disconnecting from voice normally, close code 1000.
2022-09-07 15:01:11,365 INFO: logging in using static token
2022-09-07 15:01:11,647 INFO: Shard ID None has sent the IDENTIFY payload.
2022-09-07 15:01:11,770 INFO: Shard ID None has connected to Gateway: ["gateway-prd-main-w2tt",{"micros":96697,"calls":["id_created",{"micros":512,"calls":[]},"session_lookup_time",{"micros":519,"calls":[]},"session_lookup_finished",{"micros":11,"calls":[]},"discord-sessions-green-prd-2-180",{"micros":94891,"calls":["start_session",{"micros":64812,"calls":["discord-api-6d45d8c7df-ml2lw",{"micros":49603,"calls":["get_user",{"micros":13386},"get_guilds",{"micros":4771},"send_scheduled_deletion_message",{"micros":13},"guild_join_requests",{"micros":2},"authorized_ip_coro",{"micros":14}]}]},"starting_guild_connect",{"micros":30,"calls":[]},"presence_started",{"micros":9114,"calls":[]},"guilds_started",{"micros":9419,"calls":[]},"guilds_connect",{"micros":1,"calls":[]},"presence_connect",{"micros":11500,"calls":[]},"connect_finished",{"micros":11505,"calls":[]},"build_ready",{"micros":6,"calls":[]},"optimize_ready",{"micros":1,"calls":[]},"split_ready",{"micros":1,"calls":[]},"clean_ready",{"micros":0,"calls":[]}]}]}] (Session ID: b1a9029c5aaae5d117d6fc6710035583).
2022-09-07 15:01:13,823 INFO: 目前登入身份：神奇海螺#3847
2022-09-07 15:19:53,726 INFO: KyrieR in 9又4分之8.7月台[打不出幹話就講出來啊]
2022-09-07 15:19:53,872 INFO: Connecting to voice...
2022-09-07 15:19:53,872 INFO: Starting voice handshake... (connection attempt 1)
2022-09-07 15:19:54,577 INFO: Voice handshake complete. Endpoint found hongkong7205.discord.media
2022-09-07 15:19:55,813 INFO: selected the voice protocol for use (xsalsa20_poly1305_lite)
2022-09-07 15:19:56,052 INFO: received secret key for voice connection
2022-09-07 15:19:58,668 INFO: Preparing to terminate ffmpeg process 4079.
2022-09-07 15:19:58,668 INFO: ffmpeg process 4079 successfully terminated with return code of 0.
2022-09-07 15:20:01,353 INFO: Preparing to terminate ffmpeg process 4093.
2022-09-07 15:20:01,354 INFO: ffmpeg process 4093 successfully terminated with return code of 0.
2022-09-07 15:20:02,405 INFO: The voice handshake is being terminated for Channel ID 428109526550708238 (Guild ID 428109526550708234)
2022-09-07 15:20:02,406 INFO: Disconnecting from voice normally, close code 1000.
2022-09-07 15:20:55,874 INFO: 不偷家的飄飄大仙 in 9又4分之8.7月台[打不出幹話就講出來啊]
2022-09-07 15:20:55,915 INFO: Connecting to voice...
2022-09-07 15:20:55,915 INFO: Starting voice handshake... (connection attempt 1)
2022-09-07 15:20:56,219 INFO: Voice handshake complete. Endpoint found hongkong7205.discord.media
2022-09-07 15:20:57,430 INFO: selected the voice protocol for use (xsalsa20_poly1305_lite)
2022-09-07 15:20:57,670 INFO: received secret key for voice connection
2022-09-07 15:21:00,741 INFO: Preparing to terminate ffmpeg process 4164.
2022-09-07 15:21:00,741 INFO: ffmpeg process 4164 successfully terminated with return code of 0.
2022-09-07 15:21:03,781 INFO: Preparing to terminate ffmpeg process 4177.
2022-09-07 15:21:03,782 INFO: ffmpeg process 4177 successfully terminated with return code of 0.
2022-09-07 15:21:04,817 INFO: The voice handshake is being terminated for Channel ID 428109526550708238 (Guild ID 428109526550708234)
2022-09-07 15:21:04,818 INFO: Disconnecting from voice normally, close code 1000.
2022-09-07 15:30:40,037 INFO: SparkleZ in 9又4分之8.7月台[打不出幹話就講出來啊]
2022-09-07 15:30:40,164 INFO: Connecting to voice...
2022-09-07 15:30:40,164 INFO: Starting voice handshake... (connection attempt 1)
2022-09-07 15:30:40,883 INFO: Voice handshake complete. Endpoint found hongkong7205.discord.media
2022-09-07 15:30:42,165 INFO: selected the voice protocol for use (xsalsa20_poly1305_lite)
2022-09-07 15:30:42,413 INFO: received secret key for voice connection
2022-09-07 15:30:44,926 INFO: Preparing to terminate ffmpeg process 4770.
2022-09-07 15:30:44,926 INFO: ffmpeg process 4770 successfully terminated with return code of 0.
2022-09-07 15:30:46,912 INFO: Preparing to terminate ffmpeg process 4783.
2022-09-07 15:30:46,912 INFO: ffmpeg process 4783 successfully terminated with return code of 0.
2022-09-07 15:30:47,956 INFO: The voice handshake is being terminated for Channel ID 428109526550708238 (Guild ID 428109526550708234)
2022-09-07 15:30:47,957 INFO: Disconnecting from voice normally, close code 1000.
2022-09-07 16:07:07,702 INFO: Got a request to RESUME the websocket.
2022-09-07 16:07:07,920 INFO: Shard ID None has sent the RESUME payload.
2022-09-07 16:07:07,955 INFO: Shard ID None has successfully RESUMED session b1a9029c5aaae5d117d6fc6710035583 under trace ["gateway-prd-main-8j07",{"micros":2413,"calls":["id_created",{"micros":0,"calls":[]},"session_lookup_time",{"micros":1547,"calls":[]},"session_lookup_finished",{"micros":7,"calls":[]},"discord-sessions-green-prd-2-180",{"micros":20}]}].
2022-09-07 16:18:19,124 INFO: SparkleZ out 9又4分之8.7月台[打不出幹話就講出來啊]
2022-09-07 16:18:19,124 INFO: Connecting to voice...
2022-09-07 16:18:19,124 INFO: Starting voice handshake... (connection attempt 1)
2022-09-07 16:18:20,098 INFO: Voice handshake complete. Endpoint found hongkong7205.discord.media
2022-09-07 16:18:21,321 INFO: selected the voice protocol for use (xsalsa20_poly1305_lite)
2022-09-07 16:18:21,558 INFO: received secret key for voice connection
2022-09-07 16:18:25,444 INFO: Preparing to terminate ffmpeg process 5048.
2022-09-07 16:18:25,444 INFO: ffmpeg process 5048 has not terminated. Waiting to terminate...
2022-09-07 16:18:25,449 INFO: ffmpeg process 5048 should have terminated with a return code of 0.
2022-09-07 16:18:26,498 INFO: The voice handshake is being terminated for Channel ID 428109526550708238 (Guild ID 428109526550708234)
2022-09-07 16:18:26,499 INFO: Disconnecting from voice normally, close code 1000.
2022-09-07 16:23:00,602 INFO: 不偷家的飄飄大仙 out 9又4分之8.7月台[打不出幹話就講出來啊]
2022-09-07 16:23:00,602 INFO: Connecting to voice...
2022-09-07 16:23:00,602 INFO: Starting voice handshake... (connection attempt 1)
2022-09-07 16:23:01,469 INFO: Voice handshake complete. Endpoint found hongkong7205.discord.media
2022-09-07 16:23:02,659 INFO: selected the voice protocol for use (xsalsa20_poly1305_lite)
2022-09-07 16:23:02,897 INFO: received secret key for voice connection
2022-09-07 16:23:05,787 INFO: Preparing to terminate ffmpeg process 5079.
2022-09-07 16:23:05,787 INFO: ffmpeg process 5079 successfully terminated with return code of 0.
2022-09-07 16:23:06,819 INFO: The voice handshake is being terminated for Channel ID 428109526550708238 (Guild ID 428109526550708234)
2022-09-07 16:23:06,820 INFO: Disconnecting from voice normally, close code 1000.
2022-09-07 16:28:10,053 INFO: Got a request to RESUME the websocket.
2022-09-07 16:28:10,209 INFO: Shard ID None has sent the RESUME payload.
2022-09-07 16:28:10,238 INFO: Shard ID None has successfully RESUMED session b1a9029c5aaae5d117d6fc6710035583 under trace ["gateway-prd-main-m8mf",{"micros":728,"calls":["id_created",{"micros":0,"calls":[]},"session_lookup_time",{"micros":312,"calls":[]},"session_lookup_finished",{"micros":10,"calls":[]},"discord-sessions-green-prd-2-180",{"micros":21}]}].
2022-09-07 16:59:52,265 INFO: Chi out 9又4分之8.7月台[打不出幹話就講出來啊]
2022-09-07 16:59:52,265 INFO: Connecting to voice...
2022-09-07 16:59:52,265 INFO: Starting voice handshake... (connection attempt 1)
2022-09-07 16:59:52,964 INFO: Bananaa out 9又4分之8.7月台[打不出幹話就講出來啊]
2022-09-07 16:59:53,733 INFO: Voice handshake complete. Endpoint found hongkong7205.discord.media
2022-09-07 16:59:54,912 INFO: selected the voice protocol for use (xsalsa20_poly1305_lite)
2022-09-07 16:59:55,146 INFO: received secret key for voice connection
2022-09-07 16:59:56,719 INFO: Preparing to terminate ffmpeg process 5171.
2022-09-07 16:59:56,719 INFO: ffmpeg process 5171 successfully terminated with return code of 0.
2022-09-07 17:00:00,731 INFO: Preparing to terminate ffmpeg process 5181.
2022-09-07 17:00:00,732 INFO: ffmpeg process 5181 successfully terminated with return code of 0.
2022-09-07 17:00:01,788 INFO: The voice handshake is being terminated for Channel ID 428109526550708238 (Guild ID 428109526550708234)
2022-09-07 17:00:01,788 INFO: Disconnecting from voice normally, close code 1000.
2022-09-07 17:00:27,289 INFO: BunnyplayGG out 9又4分之8.7月台[打不出幹話就講出來啊]
2022-09-07 17:00:27,292 INFO: Connecting to voice...
2022-09-07 17:00:27,292 INFO: Starting voice handshake... (connection attempt 1)
2022-09-07 17:00:27,595 INFO: KyrieR out 9又4分之8.7月台[打不出幹話就講出來啊]
2022-09-07 17:00:27,662 INFO: Voice handshake complete. Endpoint found hongkong7205.discord.media
2022-09-07 17:00:28,333 INFO: Fiven-chung out 9又4分之8.7月台[打不出幹話就講出來啊]
2022-09-07 17:00:28,841 INFO: selected the voice protocol for use (xsalsa20_poly1305_lite)
2022-09-07 17:00:29,074 INFO: received secret key for voice connection
2022-09-07 17:00:31,444 INFO: Preparing to terminate ffmpeg process 5192.
2022-09-07 17:00:31,445 INFO: ffmpeg process 5192 successfully terminated with return code of 0.
2022-09-07 17:00:34,308 INFO: Preparing to terminate ffmpeg process 5202.
2022-09-07 17:00:34,309 INFO: ffmpeg process 5202 successfully terminated with return code of 0.
2022-09-07 17:00:37,248 INFO: Preparing to terminate ffmpeg process 5212.
2022-09-07 17:00:37,249 INFO: ffmpeg process 5212 successfully terminated with return code of 0.
2022-09-07 17:00:38,339 INFO: The voice handshake is being terminated for Channel ID 428109526550708238 (Guild ID 428109526550708234)
2022-09-07 17:00:38,340 INFO: Disconnecting from voice normally, close code 1000.
2022-09-07 18:33:18,045 WARNING: Can't keep up, shard ID None websocket is 41.3s behind.
